[INFO] Scanning for projects...
[INFO] 
[INFO] ---------------------< com.notifyflow:api-gateway >---------------------
[INFO] Building api-gateway 0.0.1-SNAPSHOT
[INFO]   from pom.xml
[INFO] --------------------------------[ jar ]---------------------------------
[INFO] 
[INFO] >>> spring-boot:3.4.1:run (default-cli) > test-compile @ api-gateway >>>
[INFO] 
[INFO] --- resources:3.3.1:resources (default-resources) @ api-gateway ---
[INFO] Copying 1 resource from src/main/resources to target/classes
[INFO] Copying 0 resource from src/main/resources to target/classes
[INFO] 
[INFO] --- compiler:3.13.0:compile (default-compile) @ api-gateway ---
[INFO] Nothing to compile - all classes are up to date.
[INFO] 
[INFO] --- resources:3.3.1:testResources (default-testResources) @ api-gateway ---
[INFO] skip non existing resourceDirectory /Users/mayukh/projects/notifyflow-platform/api-gateway/src/test/resources
[INFO] 
[INFO] --- compiler:3.13.0:testCompile (default-testCompile) @ api-gateway ---
[INFO] Nothing to compile - all classes are up to date.
[INFO] 
[INFO] <<< spring-boot:3.4.1:run (default-cli) < test-compile @ api-gateway <<<
[INFO] 
[INFO] 
[INFO] --- spring-boot:3.4.1:run (default-cli) @ api-gateway ---
[INFO] Attaching agents: []

  .   ____          _            __ _ _
 /\\ / ___'_ __ _ _(_)_ __  __ _ \ \ \ \
( ( )\___ | '_ | '_| | '_ \/ _` | \ \ \ \
 \\/  ___)| |_)| | | | | || (_| |  ) ) ) )
  '  |____| .__|_| |_|_| |_\__, | / / / /
 =========|_|==============|___/=/_/_/_/

 :: Spring Boot ::                (v3.4.1)

2026-03-09T01:04:09.971+05:30  INFO 36766 --- [api-gateway] [           main] c.n.api_gateway.ApiGatewayApplication    : Starting ApiGatewayApplication using Java 25.0.2 with PID 36766 (/Users/mayukh/projects/notifyflow-platform/api-gateway/target/classes started by mayukh in /Users/mayukh/projects/notifyflow-platform/api-gateway)
2026-03-09T01:04:09.973+05:30  INFO 36766 --- [api-gateway] [           main] c.n.api_gateway.ApiGatewayApplication    : No active profile set, falling back to 1 default profile: "default"
2026-03-09T01:04:10.472+05:30  INFO 36766 --- [api-gateway] [           main] o.s.cloud.context.scope.GenericScope     : BeanFactory id=d0e5787a-e17e-365a-8bc7-50aef98e63ba
WARNING: A restricted method in java.lang.System has been called
WARNING: java.lang.System::load has been called by org.apache.tomcat.jni.Library in an unnamed module (file:/Users/mayukh/.m2/repository/org/apache/tomcat/embed/tomcat-embed-core/10.1.34/tomcat-embed-core-10.1.34.jar)
WARNING: Use --enable-native-access=ALL-UNNAMED to avoid a warning for callers in this module
WARNING: Restricted methods will be blocked in a future release unless native access is enabled

2026-03-09T01:04:10.699+05:30  INFO 36766 --- [api-gateway] [           main] o.s.b.w.embedded.tomcat.TomcatWebServer  : Tomcat initialized with port 8080 (http)
2026-03-09T01:04:10.708+05:30  INFO 36766 --- [api-gateway] [           main] o.apache.catalina.core.StandardService   : Starting service [Tomcat]
2026-03-09T01:04:10.708+05:30  INFO 36766 --- [api-gateway] [           main] o.apache.catalina.core.StandardEngine    : Starting Servlet engine: [Apache Tomcat/10.1.34]
2026-03-09T01:04:10.727+05:30  INFO 36766 --- [api-gateway] [           main] o.a.c.c.C.[Tomcat].[localhost].[/]       : Initializing Spring embedded WebApplicationContext
2026-03-09T01:04:10.727+05:30  INFO 36766 --- [api-gateway] [           main] w.s.c.ServletWebServerApplicationContext : Root WebApplicationContext: initialization completed in 732 ms
2026-03-09T01:04:10.819+05:30 DEBUG 36766 --- [api-gateway] [           main] o.s.w.f.ServerHttpObservationFilter      : Filter 'webMvcObservationFilter' configured for use
2026-03-09T01:04:10.876+05:30 DEBUG 36766 --- [api-gateway] [           main] s.w.s.m.m.a.RequestMappingHandlerMapping : 2 mappings in 'requestMappingHandlerMapping'
2026-03-09T01:04:10.902+05:30 DEBUG 36766 --- [api-gateway] [           main] o.s.w.s.f.support.RouterFunctionMapping  : 2 RouterFunction(s) in 'routerFunctionMapping'
2026-03-09T01:04:10.906+05:30 DEBUG 36766 --- [api-gateway] [           main] o.s.w.s.handler.SimpleUrlHandlerMapping  : Patterns [/webjars/**, /**] in 'resourceHandlerMapping'
2026-03-09T01:04:10.915+05:30 DEBUG 36766 --- [api-gateway] [           main] s.w.s.m.m.a.RequestMappingHandlerAdapter : ControllerAdvice beans: 0 @ModelAttribute, 0 @InitBinder, 1 RequestBodyAdvice, 1 ResponseBodyAdvice
2026-03-09T01:04:10.929+05:30 DEBUG 36766 --- [api-gateway] [           main] .m.m.a.ExceptionHandlerExceptionResolver : ControllerAdvice beans: 0 @ExceptionHandler, 1 ResponseBodyAdvice
2026-03-09T01:04:11.071+05:30  INFO 36766 --- [api-gateway] [           main] o.s.b.a.e.web.EndpointLinksResolver      : Exposing 16 endpoints beneath base path '/actuator'
2026-03-09T01:04:11.094+05:30  INFO 36766 --- [api-gateway] [           main] o.s.b.w.embedded.tomcat.TomcatWebServer  : Tomcat started on port 8080 (http) with context path '/'
2026-03-09T01:04:11.102+05:30  INFO 36766 --- [api-gateway] [           main] c.n.api_gateway.ApiGatewayApplication    : Started ApiGatewayApplication in 1.443 seconds (process running for 1.794)
2026-03-09T01:05:21.563+05:30  INFO 36766 --- [api-gateway] [nio-8080-exec-1] o.a.c.c.C.[Tomcat].[localhost].[/]       : Initializing Spring DispatcherServlet 'dispatcherServlet'
2026-03-09T01:05:21.563+05:30  INFO 36766 --- [api-gateway] [nio-8080-exec-1] o.s.web.servlet.DispatcherServlet        : Initializing Servlet 'dispatcherServlet'
2026-03-09T01:05:21.563+05:30 DEBUG 36766 --- [api-gateway] [nio-8080-exec-1] o.s.web.servlet.DispatcherServlet        : Detected GatewayMvcMultipartResolver
2026-03-09T01:05:21.563+05:30 DEBUG 36766 --- [api-gateway] [nio-8080-exec-1] o.s.web.servlet.DispatcherServlet        : Detected AcceptHeaderLocaleResolver
2026-03-09T01:05:21.563+05:30 DEBUG 36766 --- [api-gateway] [nio-8080-exec-1] o.s.web.servlet.DispatcherServlet        : Detected FixedThemeResolver
2026-03-09T01:05:21.564+05:30 DEBUG 36766 --- [api-gateway] [nio-8080-exec-1] o.s.web.servlet.DispatcherServlet        : Detected org.springframework.web.servlet.view.DefaultRequestToViewNameTranslator@daaeca0
2026-03-09T01:05:21.564+05:30 DEBUG 36766 --- [api-gateway] [nio-8080-exec-1] o.s.web.servlet.DispatcherServlet        : Detected org.springframework.web.servlet.support.SessionFlashMapManager@32f7ea9d
2026-03-09T01:05:21.564+05:30 DEBUG 36766 --- [api-gateway] [nio-8080-exec-1] o.s.web.servlet.DispatcherServlet        : enableLoggingRequestDetails='false': request parameters and headers will be masked to prevent unsafe logging of potentially sensitive data
2026-03-09T01:05:21.564+05:30  INFO 36766 --- [api-gateway] [nio-8080-exec-1] o.s.web.servlet.DispatcherServlet        : Completed initialization in 1 ms
2026-03-09T01:05:21.571+05:30 DEBUG 36766 --- [api-gateway] [nio-8080-exec-1] o.s.web.servlet.DispatcherServlet        : GET "/actuator/health", parameters={}
2026-03-09T01:05:21.582+05:30 DEBUG 36766 --- [api-gateway] [nio-8080-exec-1] m.m.a.RequestResponseBodyMethodProcessor : Read "application/octet-stream" to []
2026-03-09T01:05:21.589+05:30 DEBUG 36766 --- [api-gateway] [nio-8080-exec-1] o.s.w.s.m.m.a.HttpEntityMethodProcessor  : Using 'application/vnd.spring-boot.actuator.v3+json;q=0.8', given [text/html, application/xhtml+xml, image/avif, image/webp, image/apng, application/xml;q=0.9, */*;q=0.8, application/signed-exchange;v=b3;q=0.7] and supported [application/vnd.spring-boot.actuator.v3+json, application/vnd.spring-boot.actuator.v2+json, application/json]
2026-03-09T01:05:21.602+05:30 DEBUG 36766 --- [api-gateway] [nio-8080-exec-1] o.s.w.s.m.m.a.HttpEntityMethodProcessor  : Writing [org.springframework.boot.actuate.health.SystemHealth@b28e1c7]
2026-03-09T01:05:21.607+05:30 DEBUG 36766 --- [api-gateway] [nio-8080-exec-1] o.s.web.servlet.DispatcherServlet        : Completed 200 OK
2026-03-09T01:05:21.662+05:30 DEBUG 36766 --- [api-gateway] [nio-8080-exec-3] o.s.web.servlet.DispatcherServlet        : GET "/favicon.ico", parameters={}
2026-03-09T01:05:21.665+05:30 DEBUG 36766 --- [api-gateway] [nio-8080-exec-3] o.s.w.s.handler.SimpleUrlHandlerMapping  : Mapped to ResourceHttpRequestHandler [classpath [META-INF/resources/], classpath [resources/], classpath [static/], classpath [public/], ServletContext [/]]
2026-03-09T01:05:21.666+05:30 DEBUG 36766 --- [api-gateway] [nio-8080-exec-3] o.s.w.s.r.ResourceHttpRequestHandler     : Resource not found
2026-03-09T01:05:21.666+05:30 DEBUG 36766 --- [api-gateway] [nio-8080-exec-3] .w.s.m.s.DefaultHandlerExceptionResolver : Resolved [org.springframework.web.servlet.resource.NoResourceFoundException: No static resource favicon.ico.]
2026-03-09T01:05:21.666+05:30 DEBUG 36766 --- [api-gateway] [nio-8080-exec-3] o.s.web.servlet.DispatcherServlet        : Completed 404 NOT_FOUND
2026-03-09T01:05:21.668+05:30 DEBUG 36766 --- [api-gateway] [nio-8080-exec-3] o.s.web.servlet.DispatcherServlet        : "ERROR" dispatch for GET "/error", parameters={}
2026-03-09T01:05:21.669+05:30 DEBUG 36766 --- [api-gateway] [nio-8080-exec-3] s.w.s.m.m.a.RequestMappingHandlerMapping : Mapped to org.springframework.boot.autoconfigure.web.servlet.error.BasicErrorController#error(HttpServletRequest)
2026-03-09T01:05:21.670+05:30 DEBUG 36766 --- [api-gateway] [nio-8080-exec-3] o.s.w.s.m.m.a.HttpEntityMethodProcessor  : Using 'application/json;q=0.8', given [image/avif, image/webp, image/apng, image/svg+xml, image/*, */*;q=0.8] and supported [application/json, application/*+json]
2026-03-09T01:05:21.671+05:30 DEBUG 36766 --- [api-gateway] [nio-8080-exec-3] o.s.w.s.m.m.a.HttpEntityMethodProcessor  : Writing [{timestamp=Mon Mar 09 01:05:21 IST 2026, status=404, error=Not Found, path=/favicon.ico}]
2026-03-09T01:05:21.675+05:30 DEBUG 36766 --- [api-gateway] [nio-8080-exec-3] o.s.web.servlet.DispatcherServlet        : Exiting from "ERROR" dispatch, status 404
2026-03-09T01:05:36.801+05:30 DEBUG 36766 --- [api-gateway] [nio-8080-exec-2] o.s.web.servlet.DispatcherServlet        : GET "/actuator/health", parameters={}
2026-03-09T01:05:36.802+05:30 DEBUG 36766 --- [api-gateway] [nio-8080-exec-2] m.m.a.RequestResponseBodyMethodProcessor : Read "application/octet-stream" to []
2026-03-09T01:05:36.804+05:30 DEBUG 36766 --- [api-gateway] [nio-8080-exec-2] o.s.w.s.m.m.a.HttpEntityMethodProcessor  : Using 'application/vnd.spring-boot.actuator.v3+json;q=0.8', given [text/html, application/xhtml+xml, image/avif, image/webp, image/apng, application/xml;q=0.9, */*;q=0.8, application/signed-exchange;v=b3;q=0.7] and supported [application/vnd.spring-boot.actuator.v3+json, application/vnd.spring-boot.actuator.v2+json, application/json]
2026-03-09T01:05:36.805+05:30 DEBUG 36766 --- [api-gateway] [nio-8080-exec-2] o.s.w.s.m.m.a.HttpEntityMethodProcessor  : Writing [org.springframework.boot.actuate.health.SystemHealth@3fc011ad]
2026-03-09T01:05:36.806+05:30 DEBUG 36766 --- [api-gateway] [nio-8080-exec-2] o.s.web.servlet.DispatcherServlet        : Completed 200 OK
[INFO] ------------------------------------------------------------------------
[INFO] BUILD FAILURE
[INFO] ------------------------------------------------------------------------
[INFO] Total time:  03:35 min
[INFO] Finished at: 2026-03-09T01:07:43+05:30
[INFO] ------------------------------------------------------------------------
[ERROR] Failed to execute goal org.springframework.boot:spring-boot-maven-plugin:3.4.1:run (default-cli) on project api-gateway: Process terminated with exit code: 137 -> [Help 1]
[ERROR] 
[ERROR] To see the full stack trace of the errors, re-run Maven with the -e switch.
[ERROR] Re-run Maven using the -X switch to enable full debug logging.
[ERROR] 
[ERROR] For more information about the errors and possible solutions, please read the following articles:
[ERROR] [Help 1] http://cwiki.apache.org/confluence/display/MAVEN/MojoExecutionException
[INFO] Scanning for projects...
[INFO] 
[INFO] ---------------------< com.notifyflow:api-gateway >---------------------
[INFO] Building api-gateway 0.0.1-SNAPSHOT
[INFO]   from pom.xml
[INFO] --------------------------------[ jar ]---------------------------------
[INFO] 
[INFO] >>> spring-boot:3.4.1:run (default-cli) > test-compile @ api-gateway >>>
[INFO] 
[INFO] --- resources:3.3.1:resources (default-resources) @ api-gateway ---
[INFO] Copying 1 resource from src/main/resources to target/classes
[INFO] Copying 0 resource from src/main/resources to target/classes
[INFO] 
[INFO] --- compiler:3.13.0:compile (default-compile) @ api-gateway ---
[INFO] Nothing to compile - all classes are up to date.
[INFO] 
[INFO] --- resources:3.3.1:testResources (default-testResources) @ api-gateway ---
[INFO] skip non existing resourceDirectory /Users/mayukh/projects/notifyflow-platform/api-gateway/src/test/resources
[INFO] 
[INFO] --- compiler:3.13.0:testCompile (default-testCompile) @ api-gateway ---
[INFO] Nothing to compile - all classes are up to date.
[INFO] 
[INFO] <<< spring-boot:3.4.1:run (default-cli) < test-compile @ api-gateway <<<
[INFO] 
[INFO] 
[INFO] --- spring-boot:3.4.1:run (default-cli) @ api-gateway ---
[INFO] Attaching agents: []

  .   ____          _            __ _ _
 /\\ / ___'_ __ _ _(_)_ __  __ _ \ \ \ \
( ( )\___ | '_ | '_| | '_ \/ _` | \ \ \ \
 \\/  ___)| |_)| | | | | || (_| |  ) ) ) )
  '  |____| .__|_| |_|_| |_\__, | / / / /
 =========|_|==============|___/=/_/_/_/

 :: Spring Boot ::                (v3.4.1)

2026-03-09T01:07:49.830+05:30  INFO 38664 --- [api-gateway] [           main] c.n.api_gateway.ApiGatewayApplication    : Starting ApiGatewayApplication using Java 25.0.2 with PID 38664 (/Users/mayukh/projects/notifyflow-platform/api-gateway/target/classes started by mayukh in /Users/mayukh/projects/notifyflow-platform/api-gateway)
2026-03-09T01:07:49.830+05:30  INFO 38664 --- [api-gateway] [           main] c.n.api_gateway.ApiGatewayApplication    : No active profile set, falling back to 1 default profile: "default"
2026-03-09T01:07:50.061+05:30  INFO 38664 --- [api-gateway] [           main] o.s.cloud.context.scope.GenericScope     : BeanFactory id=d0e5787a-e17e-365a-8bc7-50aef98e63ba
WARNING: A restricted method in java.lang.System has been called
WARNING: java.lang.System::load has been called by org.apache.tomcat.jni.Library in an unnamed module (file:/Users/mayukh/.m2/repository/org/apache/tomcat/embed/tomcat-embed-core/10.1.34/tomcat-embed-core-10.1.34.jar)
WARNING: Use --enable-native-access=ALL-UNNAMED to avoid a warning for callers in this module
WARNING: Restricted methods will be blocked in a future release unless native access is enabled

2026-03-09T01:07:50.130+05:30  INFO 38664 --- [api-gateway] [           main] o.s.b.w.embedded.tomcat.TomcatWebServer  : Tomcat initialized with port 8080 (http)
2026-03-09T01:07:50.134+05:30  INFO 38664 --- [api-gateway] [           main] o.apache.catalina.core.StandardService   : Starting service [Tomcat]
2026-03-09T01:07:50.134+05:30  INFO 38664 --- [api-gateway] [           main] o.apache.catalina.core.StandardEngine    : Starting Servlet engine: [Apache Tomcat/10.1.34]
2026-03-09T01:07:50.154+05:30  INFO 38664 --- [api-gateway] [           main] o.a.c.c.C.[Tomcat].[localhost].[/]       : Initializing Spring embedded WebApplicationContext
2026-03-09T01:07:50.154+05:30  INFO 38664 --- [api-gateway] [           main] w.s.c.ServletWebServerApplicationContext : Root WebApplicationContext: initialization completed in 313 ms
2026-03-09T01:07:50.198+05:30 DEBUG 38664 --- [api-gateway] [           main] o.s.w.f.ServerHttpObservationFilter      : Filter 'webMvcObservationFilter' configured for use
2026-03-09T01:07:50.230+05:30 DEBUG 38664 --- [api-gateway] [           main] s.w.s.m.m.a.RequestMappingHandlerMapping : 2 mappings in 'requestMappingHandlerMapping'
2026-03-09T01:07:50.244+05:30 DEBUG 38664 --- [api-gateway] [           main] o.s.w.s.f.support.RouterFunctionMapping  : 2 RouterFunction(s) in 'routerFunctionMapping'
2026-03-09T01:07:50.246+05:30 DEBUG 38664 --- [api-gateway] [           main] o.s.w.s.handler.SimpleUrlHandlerMapping  : Patterns [/webjars/**, /**] in 'resourceHandlerMapping'
2026-03-09T01:07:50.252+05:30 DEBUG 38664 --- [api-gateway] [           main] s.w.s.m.m.a.RequestMappingHandlerAdapter : ControllerAdvice beans: 0 @ModelAttribute, 0 @InitBinder, 1 RequestBodyAdvice, 1 ResponseBodyAdvice
2026-03-09T01:07:50.265+05:30 DEBUG 38664 --- [api-gateway] [           main] .m.m.a.ExceptionHandlerExceptionResolver : ControllerAdvice beans: 0 @ExceptionHandler, 1 ResponseBodyAdvice
2026-03-09T01:07:50.372+05:30  INFO 38664 --- [api-gateway] [           main] o.s.b.a.e.web.EndpointLinksResolver      : Exposing 16 endpoints beneath base path '/actuator'
2026-03-09T01:07:50.391+05:30  INFO 38664 --- [api-gateway] [           main] o.s.b.w.embedded.tomcat.TomcatWebServer  : Tomcat started on port 8080 (http) with context path '/'
2026-03-09T01:07:50.399+05:30  INFO 38664 --- [api-gateway] [           main] c.n.api_gateway.ApiGatewayApplication    : Started ApiGatewayApplication in 0.692 seconds (process running for 0.839)
2026-03-09T01:08:04.314+05:30  INFO 38664 --- [api-gateway] [nio-8080-exec-1] o.a.c.c.C.[Tomcat].[localhost].[/]       : Initializing Spring DispatcherServlet 'dispatcherServlet'
2026-03-09T01:08:04.314+05:30  INFO 38664 --- [api-gateway] [nio-8080-exec-1] o.s.web.servlet.DispatcherServlet        : Initializing Servlet 'dispatcherServlet'
2026-03-09T01:08:04.314+05:30 DEBUG 38664 --- [api-gateway] [nio-8080-exec-1] o.s.web.servlet.DispatcherServlet        : Detected GatewayMvcMultipartResolver
2026-03-09T01:08:04.314+05:30 DEBUG 38664 --- [api-gateway] [nio-8080-exec-1] o.s.web.servlet.DispatcherServlet        : Detected AcceptHeaderLocaleResolver
2026-03-09T01:08:04.314+05:30 DEBUG 38664 --- [api-gateway] [nio-8080-exec-1] o.s.web.servlet.DispatcherServlet        : Detected FixedThemeResolver
2026-03-09T01:08:04.315+05:30 DEBUG 38664 --- [api-gateway] [nio-8080-exec-1] o.s.web.servlet.DispatcherServlet        : Detected org.springframework.web.servlet.view.DefaultRequestToViewNameTranslator@6ef5fc9
2026-03-09T01:08:04.315+05:30 DEBUG 38664 --- [api-gateway] [nio-8080-exec-1] o.s.web.servlet.DispatcherServlet        : Detected org.springframework.web.servlet.support.SessionFlashMapManager@5cdf1f18
2026-03-09T01:08:04.315+05:30 DEBUG 38664 --- [api-gateway] [nio-8080-exec-1] o.s.web.servlet.DispatcherServlet        : enableLoggingRequestDetails='false': request parameters and headers will be masked to prevent unsafe logging of potentially sensitive data
2026-03-09T01:08:04.315+05:30  INFO 38664 --- [api-gateway] [nio-8080-exec-1] o.s.web.servlet.DispatcherServlet        : Completed initialization in 1 ms
2026-03-09T01:08:04.321+05:30 DEBUG 38664 --- [api-gateway] [nio-8080-exec-1] o.s.web.servlet.DispatcherServlet        : GET "/actuator/health", parameters={}
2026-03-09T01:08:04.327+05:30 DEBUG 38664 --- [api-gateway] [nio-8080-exec-1] m.m.a.RequestResponseBodyMethodProcessor : Read "application/octet-stream" to []
2026-03-09T01:08:04.331+05:30 DEBUG 38664 --- [api-gateway] [nio-8080-exec-1] o.s.w.s.m.m.a.HttpEntityMethodProcessor  : Using 'application/vnd.spring-boot.actuator.v3+json', given [*/*] and supported [application/vnd.spring-boot.actuator.v3+json, application/vnd.spring-boot.actuator.v2+json, application/json]
2026-03-09T01:08:04.341+05:30 DEBUG 38664 --- [api-gateway] [nio-8080-exec-1] o.s.w.s.m.m.a.HttpEntityMethodProcessor  : Writing [org.springframework.boot.actuate.health.SystemHealth@66d57649]
2026-03-09T01:08:04.345+05:30 DEBUG 38664 --- [api-gateway] [nio-8080-exec-1] o.s.web.servlet.DispatcherServlet        : Completed 200 OK
2026-03-09T01:08:09.867+05:30 DEBUG 38664 --- [api-gateway] [nio-8080-exec-3] o.s.web.servlet.DispatcherServlet        : POST "/api/v1/notifications", parameters={}
2026-03-09T01:08:09.869+05:30 DEBUG 38664 --- [api-gateway] [nio-8080-exec-3] o.s.w.s.f.support.RouterFunctionMapping  : Mapped to org.springframework.web.servlet.function.HandlerFilterFunction$$Lambda/0x0000078001624c78@3fa4d66a
2026-03-09T01:08:09.940+05:30 DEBUG 38664 --- [api-gateway] [nio-8080-exec-3] o.s.web.servlet.DispatcherServlet        : Completed 404 NOT_FOUND
[INFO] ------------------------------------------------------------------------
[INFO] BUILD FAILURE
[INFO] ------------------------------------------------------------------------
[INFO] Total time:  47.350 s
[INFO] Finished at: 2026-03-09T01:08:36+05:30
[INFO] ------------------------------------------------------------------------
[ERROR] Failed to execute goal org.springframework.boot:spring-boot-maven-plugin:3.4.1:run (default-cli) on project api-gateway: Process terminated with exit code: 137 -> [Help 1]
[ERROR] 
[ERROR] To see the full stack trace of the errors, re-run Maven with the -e switch.
[ERROR] Re-run Maven using the -X switch to enable full debug logging.
[ERROR] 
[ERROR] For more information about the errors and possible solutions, please read the following articles:
[ERROR] [Help 1] http://cwiki.apache.org/confluence/display/MAVEN/MojoExecutionException
[INFO] Scanning for projects...
[INFO] 
[INFO] ---------------------< com.notifyflow:api-gateway >---------------------
[INFO] Building api-gateway 0.0.1-SNAPSHOT
[INFO]   from pom.xml
[INFO] --------------------------------[ jar ]---------------------------------
[INFO] 
[INFO] >>> spring-boot:3.4.1:run (default-cli) > test-compile @ api-gateway >>>
[INFO] 
[INFO] --- resources:3.3.1:resources (default-resources) @ api-gateway ---
[INFO] Copying 1 resource from src/main/resources to target/classes
[INFO] Copying 0 resource from src/main/resources to target/classes
[INFO] 
[INFO] --- compiler:3.13.0:compile (default-compile) @ api-gateway ---
[INFO] Nothing to compile - all classes are up to date.
[INFO] 
[INFO] --- resources:3.3.1:testResources (default-testResources) @ api-gateway ---
[INFO] skip non existing resourceDirectory /Users/mayukh/projects/notifyflow-platform/api-gateway/src/test/resources
[INFO] 
[INFO] --- compiler:3.13.0:testCompile (default-testCompile) @ api-gateway ---
[INFO] Nothing to compile - all classes are up to date.
[INFO] 
[INFO] <<< spring-boot:3.4.1:run (default-cli) < test-compile @ api-gateway <<<
[INFO] 
[INFO] 
[INFO] --- spring-boot:3.4.1:run (default-cli) @ api-gateway ---
[INFO] Attaching agents: []

  .   ____          _            __ _ _
 /\\ / ___'_ __ _ _(_)_ __  __ _ \ \ \ \
( ( )\___ | '_ | '_| | '_ \/ _` | \ \ \ \
 \\/  ___)| |_)| | | | | || (_| |  ) ) ) )
  '  |____| .__|_| |_|_| |_\__, | / / / /
 =========|_|==============|___/=/_/_/_/

 :: Spring Boot ::                (v3.4.1)

2026-03-09T01:08:39.971+05:30  INFO 39657 --- [api-gateway] [           main] c.n.api_gateway.ApiGatewayApplication    : Starting ApiGatewayApplication using Java 25.0.2 with PID 39657 (/Users/mayukh/projects/notifyflow-platform/api-gateway/target/classes started by mayukh in /Users/mayukh/projects/notifyflow-platform/api-gateway)
2026-03-09T01:08:39.971+05:30  INFO 39657 --- [api-gateway] [           main] c.n.api_gateway.ApiGatewayApplication    : No active profile set, falling back to 1 default profile: "default"
2026-03-09T01:08:40.267+05:30  INFO 39657 --- [api-gateway] [           main] o.s.cloud.context.scope.GenericScope     : BeanFactory id=d0e5787a-e17e-365a-8bc7-50aef98e63ba
WARNING: A restricted method in java.lang.System has been called
WARNING: java.lang.System::load has been called by org.apache.tomcat.jni.Library in an unnamed module (file:/Users/mayukh/.m2/repository/org/apache/tomcat/embed/tomcat-embed-core/10.1.34/tomcat-embed-core-10.1.34.jar)
WARNING: Use --enable-native-access=ALL-UNNAMED to avoid a warning for callers in this module
WARNING: Restricted methods will be blocked in a future release unless native access is enabled

2026-03-09T01:08:40.456+05:30  INFO 39657 --- [api-gateway] [           main] o.s.b.w.embedded.tomcat.TomcatWebServer  : Tomcat initialized with port 8080 (http)
2026-03-09T01:08:40.471+05:30  INFO 39657 --- [api-gateway] [           main] o.apache.catalina.core.StandardService   : Starting service [Tomcat]
2026-03-09T01:08:40.471+05:30  INFO 39657 --- [api-gateway] [           main] o.apache.catalina.core.StandardEngine    : Starting Servlet engine: [Apache Tomcat/10.1.34]
2026-03-09T01:08:40.493+05:30  INFO 39657 --- [api-gateway] [           main] o.a.c.c.C.[Tomcat].[localhost].[/]       : Initializing Spring embedded WebApplicationContext
2026-03-09T01:08:40.493+05:30  INFO 39657 --- [api-gateway] [           main] w.s.c.ServletWebServerApplicationContext : Root WebApplicationContext: initialization completed in 507 ms
2026-03-09T01:08:40.553+05:30 DEBUG 39657 --- [api-gateway] [           main] o.s.w.f.ServerHttpObservationFilter      : Filter 'webMvcObservationFilter' configured for use
2026-03-09T01:08:40.593+05:30 DEBUG 39657 --- [api-gateway] [           main] s.w.s.m.m.a.RequestMappingHandlerMapping : 2 mappings in 'requestMappingHandlerMapping'
2026-03-09T01:08:40.609+05:30 DEBUG 39657 --- [api-gateway] [           main] o.s.w.s.f.support.RouterFunctionMapping  : 2 RouterFunction(s) in 'routerFunctionMapping'
2026-03-09T01:08:40.613+05:30 DEBUG 39657 --- [api-gateway] [           main] o.s.w.s.handler.SimpleUrlHandlerMapping  : Patterns [/webjars/**, /**] in 'resourceHandlerMapping'
2026-03-09T01:08:40.620+05:30 DEBUG 39657 --- [api-gateway] [           main] s.w.s.m.m.a.RequestMappingHandlerAdapter : ControllerAdvice beans: 0 @ModelAttribute, 0 @InitBinder, 1 RequestBodyAdvice, 1 ResponseBodyAdvice
2026-03-09T01:08:40.632+05:30 DEBUG 39657 --- [api-gateway] [           main] .m.m.a.ExceptionHandlerExceptionResolver : ControllerAdvice beans: 0 @ExceptionHandler, 1 ResponseBodyAdvice
2026-03-09T01:08:40.778+05:30  INFO 39657 --- [api-gateway] [           main] o.s.b.a.e.web.EndpointLinksResolver      : Exposing 16 endpoints beneath base path '/actuator'
2026-03-09T01:08:40.800+05:30  INFO 39657 --- [api-gateway] [           main] o.s.b.w.embedded.tomcat.TomcatWebServer  : Tomcat started on port 8080 (http) with context path '/'
2026-03-09T01:08:40.808+05:30  INFO 39657 --- [api-gateway] [           main] c.n.api_gateway.ApiGatewayApplication    : Started ApiGatewayApplication in 1.032 seconds (process running for 1.323)
2026-03-09T01:08:52.657+05:30  INFO 39657 --- [api-gateway] [nio-8080-exec-1] o.a.c.c.C.[Tomcat].[localhost].[/]       : Initializing Spring DispatcherServlet 'dispatcherServlet'
2026-03-09T01:08:52.660+05:30  INFO 39657 --- [api-gateway] [nio-8080-exec-1] o.s.web.servlet.DispatcherServlet        : Initializing Servlet 'dispatcherServlet'
2026-03-09T01:08:52.661+05:30 DEBUG 39657 --- [api-gateway] [nio-8080-exec-1] o.s.web.servlet.DispatcherServlet        : Detected GatewayMvcMultipartResolver
2026-03-09T01:08:52.661+05:30 DEBUG 39657 --- [api-gateway] [nio-8080-exec-1] o.s.web.servlet.DispatcherServlet        : Detected AcceptHeaderLocaleResolver
2026-03-09T01:08:52.661+05:30 DEBUG 39657 --- [api-gateway] [nio-8080-exec-1] o.s.web.servlet.DispatcherServlet        : Detected FixedThemeResolver
2026-03-09T01:08:52.666+05:30 DEBUG 39657 --- [api-gateway] [nio-8080-exec-1] o.s.web.servlet.DispatcherServlet        : Detected org.springframework.web.servlet.view.DefaultRequestToViewNameTranslator@2e3516dc
2026-03-09T01:08:52.666+05:30 DEBUG 39657 --- [api-gateway] [nio-8080-exec-1] o.s.web.servlet.DispatcherServlet        : Detected org.springframework.web.servlet.support.SessionFlashMapManager@3974f500
2026-03-09T01:08:52.666+05:30 DEBUG 39657 --- [api-gateway] [nio-8080-exec-1] o.s.web.servlet.DispatcherServlet        : enableLoggingRequestDetails='false': request parameters and headers will be masked to prevent unsafe logging of potentially sensitive data
2026-03-09T01:08:52.666+05:30  INFO 39657 --- [api-gateway] [nio-8080-exec-1] o.s.web.servlet.DispatcherServlet        : Completed initialization in 6 ms
2026-03-09T01:08:52.700+05:30 DEBUG 39657 --- [api-gateway] [nio-8080-exec-1] o.s.web.servlet.DispatcherServlet        : POST "/notifications", parameters={}
2026-03-09T01:08:52.752+05:30 DEBUG 39657 --- [api-gateway] [nio-8080-exec-1] o.s.w.s.f.support.RouterFunctionMapping  : Mapped to org.springframework.web.servlet.function.HandlerFilterFunction$$Lambda/0x000007fc015ec4b0@46c39d
2026-03-09T01:08:52.947+05:30 DEBUG 39657 --- [api-gateway] [nio-8080-exec-1] o.s.web.servlet.DispatcherServlet        : Completed 200 OK
2026-03-09T01:22:47.425+05:30 DEBUG 39657 --- [api-gateway] [nio-8080-exec-3] o.s.web.servlet.DispatcherServlet        : POST "/notifications/send", parameters={}
2026-03-09T01:22:47.706+05:30 DEBUG 39657 --- [api-gateway] [nio-8080-exec-3] o.s.w.s.f.support.RouterFunctionMapping  : Mapped to org.springframework.web.servlet.function.HandlerFilterFunction$$Lambda/0x000007fc015ec4b0@3e204144
2026-03-09T01:22:48.665+05:30 DEBUG 39657 --- [api-gateway] [nio-8080-exec-3] o.s.web.servlet.DispatcherServlet        : Completed 404 NOT_FOUND
2026-03-09T01:23:28.810+05:30 DEBUG 39657 --- [api-gateway] [nio-8080-exec-4] o.s.web.servlet.DispatcherServlet        : POST "/notifications", parameters={}
2026-03-09T01:23:28.813+05:30 DEBUG 39657 --- [api-gateway] [nio-8080-exec-4] o.s.w.s.f.support.RouterFunctionMapping  : Mapped to org.springframework.web.servlet.function.HandlerFilterFunction$$Lambda/0x000007fc015ec4b0@2693c79b
2026-03-09T01:23:30.098+05:30 DEBUG 39657 --- [api-gateway] [nio-8080-exec-4] o.s.web.servlet.DispatcherServlet        : Completed 400 BAD_REQUEST
2026-03-09T01:23:56.355+05:30 DEBUG 39657 --- [api-gateway] [nio-8080-exec-6] o.s.web.servlet.DispatcherServlet        : POST "/notifications", parameters={}
2026-03-09T01:23:56.359+05:30 DEBUG 39657 --- [api-gateway] [nio-8080-exec-6] o.s.w.s.f.support.RouterFunctionMapping  : Mapped to org.springframework.web.servlet.function.HandlerFilterFunction$$Lambda/0x000007fc015ec4b0@3f9ef57b
2026-03-09T01:23:56.448+05:30 DEBUG 39657 --- [api-gateway] [nio-8080-exec-6] o.s.web.servlet.DispatcherServlet        : Completed 400 BAD_REQUEST
2026-03-09T01:24:36.609+05:30 DEBUG 39657 --- [api-gateway] [nio-8080-exec-7] o.s.web.servlet.DispatcherServlet        : POST "/notifications", parameters={}
2026-03-09T01:24:36.613+05:30 DEBUG 39657 --- [api-gateway] [nio-8080-exec-7] o.s.w.s.f.support.RouterFunctionMapping  : Mapped to org.springframework.web.servlet.function.HandlerFilterFunction$$Lambda/0x000007fc015ec4b0@17c9dd4f
2026-03-09T01:24:36.967+05:30 DEBUG 39657 --- [api-gateway] [nio-8080-exec-7] o.s.web.servlet.DispatcherServlet        : Completed 200 OK
2026-03-09T01:25:53.879+05:30 DEBUG 39657 --- [api-gateway] [nio-8080-exec-1] o.s.web.servlet.DispatcherServlet        : POST "/notifications", parameters={}
2026-03-09T01:25:53.885+05:30 DEBUG 39657 --- [api-gateway] [nio-8080-exec-1] o.s.w.s.f.support.RouterFunctionMapping  : Mapped to org.springframework.web.servlet.function.HandlerFilterFunction$$Lambda/0x000007fc015ec4b0@356e4653
2026-03-09T01:25:53.922+05:30 DEBUG 39657 --- [api-gateway] [nio-8080-exec-1] o.s.web.servlet.DispatcherServlet        : Completed 200 OK
2026-03-09T01:25:54.941+05:30 DEBUG 39657 --- [api-gateway] [nio-8080-exec-2] o.s.web.servlet.DispatcherServlet        : POST "/notifications", parameters={}
2026-03-09T01:25:54.946+05:30 DEBUG 39657 --- [api-gateway] [nio-8080-exec-2] o.s.w.s.f.support.RouterFunctionMapping  : Mapped to org.springframework.web.servlet.function.HandlerFilterFunction$$Lambda/0x000007fc015ec4b0@2f7e984c
2026-03-09T01:25:54.963+05:30 DEBUG 39657 --- [api-gateway] [nio-8080-exec-2] o.s.web.servlet.DispatcherServlet        : Completed 200 OK
