[INFO] Scanning for projects...
[INFO] 
[INFO] -----------< com.notifyflow:notification-ingestion-service >------------
[INFO] Building notification-ingestion-service 0.0.1-SNAPSHOT
[INFO]   from pom.xml
[INFO] --------------------------------[ jar ]---------------------------------
[INFO] 
[INFO] >>> spring-boot:3.4.1:run (default-cli) > test-compile @ notification-ingestion-service >>>
[INFO] 
[INFO] --- resources:3.3.1:resources (default-resources) @ notification-ingestion-service ---
[INFO] Copying 1 resource from src/main/resources to target/classes
[INFO] Copying 0 resource from src/main/resources to target/classes
[INFO] 
[INFO] --- compiler:3.13.0:compile (default-compile) @ notification-ingestion-service ---
[INFO] Nothing to compile - all classes are up to date.
[INFO] 
[INFO] --- resources:3.3.1:testResources (default-testResources) @ notification-ingestion-service ---
[INFO] skip non existing resourceDirectory /Users/mayukh/projects/notifyflow-platform/notification-ingestion-service/src/test/resources
[INFO] 
[INFO] --- compiler:3.13.0:testCompile (default-testCompile) @ notification-ingestion-service ---
[INFO] Nothing to compile - all classes are up to date.
[INFO] 
[INFO] <<< spring-boot:3.4.1:run (default-cli) < test-compile @ notification-ingestion-service <<<
[INFO] 
[INFO] 
[INFO] --- spring-boot:3.4.1:run (default-cli) @ notification-ingestion-service ---
[INFO] Attaching agents: []

  .   ____          _            __ _ _
 /\\ / ___'_ __ _ _(_)_ __  __ _ \ \ \ \
( ( )\___ | '_ | '_| | '_ \/ _` | \ \ \ \
 \\/  ___)| |_)| | | | | || (_| |  ) ) ) )
  '  |____| .__|_| |_|_| |_\__, | / / / /
 =========|_|==============|___/=/_/_/_/

 :: Spring Boot ::                (v3.4.1)

2026-03-09T01:04:10.151+05:30  INFO 36769 --- [notification-ingestion-service] [           main] .NotificationIngestionServiceApplication : Starting NotificationIngestionServiceApplication using Java 25.0.2 with PID 36769 (/Users/mayukh/projects/notifyflow-platform/notification-ingestion-service/target/classes started by mayukh in /Users/mayukh/projects/notifyflow-platform/notification-ingestion-service)
2026-03-09T01:04:10.152+05:30  INFO 36769 --- [notification-ingestion-service] [           main] .NotificationIngestionServiceApplication : No active profile set, falling back to 1 default profile: "default"
WARNING: A restricted method in java.lang.System has been called
WARNING: java.lang.System::load has been called by org.apache.tomcat.jni.Library in an unnamed module (file:/Users/mayukh/.m2/repository/org/apache/tomcat/embed/tomcat-embed-core/10.1.34/tomcat-embed-core-10.1.34.jar)
WARNING: Use --enable-native-access=ALL-UNNAMED to avoid a warning for callers in this module
WARNING: Restricted methods will be blocked in a future release unless native access is enabled

2026-03-09T01:04:10.838+05:30  INFO 36769 --- [notification-ingestion-service] [           main] o.s.b.w.embedded.tomcat.TomcatWebServer  : Tomcat initialized with port 8082 (http)
2026-03-09T01:04:10.844+05:30  INFO 36769 --- [notification-ingestion-service] [           main] o.apache.catalina.core.StandardService   : Starting service [Tomcat]
2026-03-09T01:04:10.844+05:30  INFO 36769 --- [notification-ingestion-service] [           main] o.apache.catalina.core.StandardEngine    : Starting Servlet engine: [Apache Tomcat/10.1.34]
2026-03-09T01:04:10.865+05:30  INFO 36769 --- [notification-ingestion-service] [           main] o.a.c.c.C.[Tomcat].[localhost].[/]       : Initializing Spring embedded WebApplicationContext
2026-03-09T01:04:10.865+05:30  INFO 36769 --- [notification-ingestion-service] [           main] w.s.c.ServletWebServerApplicationContext : Root WebApplicationContext: initialization completed in 684 ms
2026-03-09T01:04:11.098+05:30  INFO 36769 --- [notification-ingestion-service] [           main] o.s.b.a.e.web.EndpointLinksResolver      : Exposing 1 endpoint beneath base path '/actuator'
2026-03-09T01:04:11.124+05:30  INFO 36769 --- [notification-ingestion-service] [           main] o.s.b.w.embedded.tomcat.TomcatWebServer  : Tomcat started on port 8082 (http) with context path '/'
2026-03-09T01:04:11.130+05:30  INFO 36769 --- [notification-ingestion-service] [           main] .NotificationIngestionServiceApplication : Started NotificationIngestionServiceApplication in 1.222 seconds (process running for 1.407)
2026-03-09T01:08:09.901+05:30  INFO 36769 --- [notification-ingestion-service] [nio-8082-exec-2] o.a.c.c.C.[Tomcat].[localhost].[/]       : Initializing Spring DispatcherServlet 'dispatcherServlet'
2026-03-09T01:08:09.901+05:30  INFO 36769 --- [notification-ingestion-service] [nio-8082-exec-2] o.s.web.servlet.DispatcherServlet        : Initializing Servlet 'dispatcherServlet'
2026-03-09T01:08:09.902+05:30  INFO 36769 --- [notification-ingestion-service] [nio-8082-exec-2] o.s.web.servlet.DispatcherServlet        : Completed initialization in 1 ms
2026-03-09T01:08:16.488+05:30  INFO 36769 --- [notification-ingestion-service] [nio-8082-exec-1] o.a.k.clients.producer.ProducerConfig    : ProducerConfig values: 
	acks = -1
	auto.include.jmx.reporter = true
	batch.size = 16384
	bootstrap.servers = [localhost:9092]
	buffer.memory = 33554432
	client.dns.lookup = use_all_dns_ips
	client.id = notification-ingestion-service-producer-1
	compression.gzip.level = -1
	compression.lz4.level = 9
	compression.type = none
	compression.zstd.level = 3
	connections.max.idle.ms = 540000
	delivery.timeout.ms = 120000
	enable.idempotence = true
	enable.metrics.push = true
	interceptor.classes = []
	key.serializer = class org.apache.kafka.common.serialization.StringSerializer
	linger.ms = 0
	max.block.ms = 60000
	max.in.flight.requests.per.connection = 5
	max.request.size = 1048576
	metadata.max.age.ms = 300000
	metadata.max.idle.ms = 300000
	metadata.recovery.strategy = none
	metric.reporters = []
	metrics.num.samples = 2
	metrics.recording.level = INFO
	metrics.sample.window.ms = 30000
	partitioner.adaptive.partitioning.enable = true
	partitioner.availability.timeout.ms = 0
	partitioner.class = null
	partitioner.ignore.keys = false
	receive.buffer.bytes = 32768
	reconnect.backoff.max.ms = 1000
	reconnect.backoff.ms = 50
	request.timeout.ms = 30000
	retries = 2147483647
	retry.backoff.max.ms = 1000
	retry.backoff.ms = 100
	sasl.client.callback.handler.class = null
	sasl.jaas.config = null
	sasl.kerberos.kinit.cmd = /usr/bin/kinit
	sasl.kerberos.min.time.before.relogin = 60000
	sasl.kerberos.service.name = null
	sasl.kerberos.ticket.renew.jitter = 0.05
	sasl.kerberos.ticket.renew.window.factor = 0.8
	sasl.login.callback.handler.class = null
	sasl.login.class = null
	sasl.login.connect.timeout.ms = null
	sasl.login.read.timeout.ms = null
	sasl.login.refresh.buffer.seconds = 300
	sasl.login.refresh.min.period.seconds = 60
	sasl.login.refresh.window.factor = 0.8
	sasl.login.refresh.window.jitter = 0.05
	sasl.login.retry.backoff.max.ms = 10000
	sasl.login.retry.backoff.ms = 100
	sasl.mechanism = GSSAPI
	sasl.oauthbearer.clock.skew.seconds = 30
	sasl.oauthbearer.expected.audience = null
	sasl.oauthbearer.expected.issuer = null
	sasl.oauthbearer.jwks.endpoint.refresh.ms = 3600000
	sasl.oauthbearer.jwks.endpoint.retry.backoff.max.ms = 10000
	sasl.oauthbearer.jwks.endpoint.retry.backoff.ms = 100
	sasl.oauthbearer.jwks.endpoint.url = null
	sasl.oauthbearer.scope.claim.name = scope
	sasl.oauthbearer.sub.claim.name = sub
	sasl.oauthbearer.token.endpoint.url = null
	security.protocol = PLAINTEXT
	security.providers = null
	send.buffer.bytes = 131072
	socket.connection.setup.timeout.max.ms = 30000
	socket.connection.setup.timeout.ms = 10000
	ssl.cipher.suites = null
	ssl.enabled.protocols = [TLSv1.2, TLSv1.3]
	ssl.endpoint.identification.algorithm = https
	ssl.engine.factory.class = null
	ssl.key.password = null
	ssl.keymanager.algorithm = SunX509
	ssl.keystore.certificate.chain = null
	ssl.keystore.key = null
	ssl.keystore.location = null
	ssl.keystore.password = null
	ssl.keystore.type = JKS
	ssl.protocol = TLSv1.3
	ssl.provider = null
	ssl.secure.random.implementation = null
	ssl.trustmanager.algorithm = PKIX
	ssl.truststore.certificates = null
	ssl.truststore.location = null
	ssl.truststore.password = null
	ssl.truststore.type = JKS
	transaction.timeout.ms = 60000
	transactional.id = null
	value.serializer = class org.springframework.kafka.support.serializer.JsonSerializer

2026-03-09T01:08:16.496+05:30  INFO 36769 --- [notification-ingestion-service] [nio-8082-exec-1] o.a.k.c.t.i.KafkaMetricsCollector        : initializing Kafka metrics collector
2026-03-09T01:08:16.500+05:30  INFO 36769 --- [notification-ingestion-service] [nio-8082-exec-1] o.a.k.clients.producer.KafkaProducer     : [Producer clientId=notification-ingestion-service-producer-1] Instantiated an idempotent producer.
2026-03-09T01:08:16.512+05:30  INFO 36769 --- [notification-ingestion-service] [nio-8082-exec-1] o.a.kafka.common.utils.AppInfoParser     : Kafka version: 3.8.1
2026-03-09T01:08:16.513+05:30  INFO 36769 --- [notification-ingestion-service] [nio-8082-exec-1] o.a.kafka.common.utils.AppInfoParser     : Kafka commitId: 70d6ff42debf7e17
2026-03-09T01:08:16.513+05:30  INFO 36769 --- [notification-ingestion-service] [nio-8082-exec-1] o.a.kafka.common.utils.AppInfoParser     : Kafka startTimeMs: 1772998696512
2026-03-09T01:08:16.584+05:30  INFO 36769 --- [notification-ingestion-service] [vice-producer-1] org.apache.kafka.clients.Metadata        : [Producer clientId=notification-ingestion-service-producer-1] Cluster ID: an4HlnjDRvqJGzfDpb9Y3w
2026-03-09T01:08:16.605+05:30  INFO 36769 --- [notification-ingestion-service] [vice-producer-1] o.a.k.c.p.internals.TransactionManager   : [Producer clientId=notification-ingestion-service-producer-1] ProducerId set to 0 with epoch 0
2026-03-09T01:17:17.858+05:30  INFO 36769 --- [notification-ingestion-service] [vice-producer-1] org.apache.kafka.clients.NetworkClient   : [Producer clientId=notification-ingestion-service-producer-1] Node -1 disconnected.
2026-03-09T01:23:30.015+05:30  WARN 36769 --- [notification-ingestion-service] [nio-8082-exec-8] .w.s.m.s.DefaultHandlerExceptionResolver : Resolved [org.springframework.web.bind.MethodArgumentNotValidException: Validation failed for argument [0] in public org.springframework.http.ResponseEntity<java.lang.String> com.notifyflow.ingestion.controller.NotificationController.sendNotification(com.notifyflow.ingestion.dto.NotificationRequest) with 2 errors: [Field error in object 'notificationRequest' on field 'userId': rejected value [null]; codes [NotBlank.notificationRequest.userId,NotBlank.userId,NotBlank.java.lang.String,NotBlank]; arguments [org.springframework.context.support.DefaultMessageSourceResolvable: codes [notificationRequest.userId,userId]; arguments []; default message [userId]]; default message [must not be blank]] [Field error in object 'notificationRequest' on field 'type': rejected value [null]; codes [NotBlank.notificationRequest.type,NotBlank.type,NotBlank.java.lang.String,NotBlank]; arguments [org.springframework.context.support.DefaultMessageSourceResolvable: codes [notificationRequest.type,type]; arguments []; default message [type]]; default message [must not be blank]] ]
2026-03-09T01:23:56.435+05:30  WARN 36769 --- [notification-ingestion-service] [nio-8082-exec-9] .w.s.m.s.DefaultHandlerExceptionResolver : Resolved [org.springframework.web.bind.MethodArgumentNotValidException: Validation failed for argument [0] in public org.springframework.http.ResponseEntity<java.lang.String> com.notifyflow.ingestion.controller.NotificationController.sendNotification(com.notifyflow.ingestion.dto.NotificationRequest): [Field error in object 'notificationRequest' on field 'type': rejected value [null]; codes [NotBlank.notificationRequest.type,NotBlank.type,NotBlank.java.lang.String,NotBlank]; arguments [org.springframework.context.support.DefaultMessageSourceResolvable: codes [notificationRequest.type,type]; arguments []; default message [type]]; default message [must not be blank]] ]
2026-03-09T01:25:41.189+05:30  INFO 36769 --- [notification-ingestion-service] [vice-producer-1] org.apache.kafka.clients.NetworkClient   : [Producer clientId=notification-ingestion-service-producer-1] Node 1 disconnected.
2026-03-09T01:25:41.204+05:30  INFO 36769 --- [notification-ingestion-service] [vice-producer-1] org.apache.kafka.clients.NetworkClient   : [Producer clientId=notification-ingestion-service-producer-1] Node -1 disconnected.
2026-03-09T01:25:41.341+05:30  INFO 36769 --- [notification-ingestion-service] [vice-producer-1] org.apache.kafka.clients.NetworkClient   : [Producer clientId=notification-ingestion-service-producer-1] Node 1 disconnected.
2026-03-09T01:25:41.344+05:30  INFO 36769 --- [notification-ingestion-service] [vice-producer-1] org.apache.kafka.clients.NetworkClient   : [Producer clientId=notification-ingestion-service-producer-1] Cancelled in-flight API_VERSIONS request with correlation id 16 due to node 1 being disconnected (elapsed time since creation: 2ms, elapsed time since send: 2ms, throttle time: 0ms, request timeout: 30000ms)
2026-03-09T01:25:41.554+05:30  INFO 36769 --- [notification-ingestion-service] [vice-producer-1] org.apache.kafka.clients.NetworkClient   : [Producer clientId=notification-ingestion-service-producer-1] Node 1 disconnected.
2026-03-09T01:25:41.554+05:30  INFO 36769 --- [notification-ingestion-service] [vice-producer-1] org.apache.kafka.clients.NetworkClient   : [Producer clientId=notification-ingestion-service-producer-1] Cancelled in-flight API_VERSIONS request with correlation id 17 due to node 1 being disconnected (elapsed time since creation: 3ms, elapsed time since send: 3ms, throttle time: 0ms, request timeout: 30000ms)
2026-03-09T01:25:51.698+05:30  INFO 36769 --- [notification-ingestion-service] [vice-producer-1] org.apache.kafka.clients.NetworkClient   : [Producer clientId=notification-ingestion-service-producer-1] Node 1 disconnected.
2026-03-09T01:25:51.699+05:30  INFO 36769 --- [notification-ingestion-service] [vice-producer-1] org.apache.kafka.clients.NetworkClient   : [Producer clientId=notification-ingestion-service-producer-1] Cancelled in-flight API_VERSIONS request with correlation id 18 due to node 1 being disconnected (elapsed time since creation: 9682ms, elapsed time since send: 9682ms, throttle time: 0ms, request timeout: 30000ms)
2026-03-09T01:25:52.559+05:30  INFO 36769 --- [notification-ingestion-service] [vice-producer-1] org.apache.kafka.clients.NetworkClient   : [Producer clientId=notification-ingestion-service-producer-1] Node 1 disconnected.
2026-03-09T01:25:52.561+05:30  WARN 36769 --- [notification-ingestion-service] [vice-producer-1] org.apache.kafka.clients.NetworkClient   : [Producer clientId=notification-ingestion-service-producer-1] Connection to node 1 (localhost/127.0.0.1:9092) could not be established. Node may not be available.
2026-03-09T01:25:53.559+05:30  INFO 36769 --- [notification-ingestion-service] [vice-producer-1] org.apache.kafka.clients.NetworkClient   : [Producer clientId=notification-ingestion-service-producer-1] Node 1 disconnected.
2026-03-09T01:25:53.559+05:30  WARN 36769 --- [notification-ingestion-service] [vice-producer-1] org.apache.kafka.clients.NetworkClient   : [Producer clientId=notification-ingestion-service-producer-1] Connection to node 1 (localhost/127.0.0.1:9092) could not be established. Node may not be available.
2026-03-09T01:25:54.498+05:30  INFO 36769 --- [notification-ingestion-service] [vice-producer-1] org.apache.kafka.clients.NetworkClient   : [Producer clientId=notification-ingestion-service-producer-1] Node 1 disconnected.
2026-03-09T01:25:54.499+05:30  WARN 36769 --- [notification-ingestion-service] [vice-producer-1] org.apache.kafka.clients.NetworkClient   : [Producer clientId=notification-ingestion-service-producer-1] Connection to node 1 (localhost/127.0.0.1:9092) could not be established. Node may not be available.
2026-03-09T01:25:55.495+05:30  INFO 36769 --- [notification-ingestion-service] [vice-producer-1] org.apache.kafka.clients.NetworkClient   : [Producer clientId=notification-ingestion-service-producer-1] Node 1 disconnected.
2026-03-09T01:25:55.495+05:30  WARN 36769 --- [notification-ingestion-service] [vice-producer-1] org.apache.kafka.clients.NetworkClient   : [Producer clientId=notification-ingestion-service-producer-1] Connection to node 1 (localhost/127.0.0.1:9092) could not be established. Node may not be available.
2026-03-09T01:25:56.322+05:30  INFO 36769 --- [notification-ingestion-service] [vice-producer-1] org.apache.kafka.clients.NetworkClient   : [Producer clientId=notification-ingestion-service-producer-1] Node 1 disconnected.
2026-03-09T01:25:56.323+05:30  WARN 36769 --- [notification-ingestion-service] [vice-producer-1] org.apache.kafka.clients.NetworkClient   : [Producer clientId=notification-ingestion-service-producer-1] Connection to node 1 (localhost/127.0.0.1:9092) could not be established. Node may not be available.
2026-03-09T01:25:57.124+05:30  INFO 36769 --- [notification-ingestion-service] [vice-producer-1] org.apache.kafka.clients.NetworkClient   : [Producer clientId=notification-ingestion-service-producer-1] Node 1 disconnected.
2026-03-09T01:25:57.124+05:30  WARN 36769 --- [notification-ingestion-service] [vice-producer-1] org.apache.kafka.clients.NetworkClient   : [Producer clientId=notification-ingestion-service-producer-1] Connection to node 1 (localhost/127.0.0.1:9092) could not be established. Node may not be available.
2026-03-09T01:25:58.125+05:30  INFO 36769 --- [notification-ingestion-service] [vice-producer-1] org.apache.kafka.clients.NetworkClient   : [Producer clientId=notification-ingestion-service-producer-1] Node 1 disconnected.
2026-03-09T01:25:58.126+05:30  WARN 36769 --- [notification-ingestion-service] [vice-producer-1] org.apache.kafka.clients.NetworkClient   : [Producer clientId=notification-ingestion-service-producer-1] Connection to node 1 (localhost/127.0.0.1:9092) could not be established. Node may not be available.
2026-03-09T01:25:59.125+05:30  INFO 36769 --- [notification-ingestion-service] [vice-producer-1] org.apache.kafka.clients.NetworkClient   : [Producer clientId=notification-ingestion-service-producer-1] Node 1 disconnected.
2026-03-09T01:25:59.125+05:30  WARN 36769 --- [notification-ingestion-service] [vice-producer-1] org.apache.kafka.clients.NetworkClient   : [Producer clientId=notification-ingestion-service-producer-1] Connection to node 1 (localhost/127.0.0.1:9092) could not be established. Node may not be available.
2026-03-09T01:25:59.945+05:30  INFO 36769 --- [notification-ingestion-service] [vice-producer-1] org.apache.kafka.clients.NetworkClient   : [Producer clientId=notification-ingestion-service-producer-1] Node 1 disconnected.
2026-03-09T01:25:59.945+05:30  WARN 36769 --- [notification-ingestion-service] [vice-producer-1] org.apache.kafka.clients.NetworkClient   : [Producer clientId=notification-ingestion-service-producer-1] Connection to node 1 (localhost/127.0.0.1:9092) could not be established. Node may not be available.
2026-03-09T01:26:00.946+05:30  INFO 36769 --- [notification-ingestion-service] [vice-producer-1] org.apache.kafka.clients.NetworkClient   : [Producer clientId=notification-ingestion-service-producer-1] Node 1 disconnected.
2026-03-09T01:26:00.983+05:30  WARN 36769 --- [notification-ingestion-service] [vice-producer-1] org.apache.kafka.clients.NetworkClient   : [Producer clientId=notification-ingestion-service-producer-1] Connection to node 1 (localhost/127.0.0.1:9092) could not be established. Node may not be available.
2026-03-09T01:26:01.946+05:30  INFO 36769 --- [notification-ingestion-service] [vice-producer-1] org.apache.kafka.clients.NetworkClient   : [Producer clientId=notification-ingestion-service-producer-1] Node 1 disconnected.
2026-03-09T01:26:01.946+05:30  WARN 36769 --- [notification-ingestion-service] [vice-producer-1] org.apache.kafka.clients.NetworkClient   : [Producer clientId=notification-ingestion-service-producer-1] Connection to node 1 (localhost/127.0.0.1:9092) could not be established. Node may not be available.
2026-03-09T01:26:02.858+05:30  INFO 36769 --- [notification-ingestion-service] [vice-producer-1] org.apache.kafka.clients.NetworkClient   : [Producer clientId=notification-ingestion-service-producer-1] Node 1 disconnected.
2026-03-09T01:26:02.858+05:30  WARN 36769 --- [notification-ingestion-service] [vice-producer-1] org.apache.kafka.clients.NetworkClient   : [Producer clientId=notification-ingestion-service-producer-1] Connection to node 1 (localhost/127.0.0.1:9092) could not be established. Node may not be available.
2026-03-09T01:26:03.860+05:30  INFO 36769 --- [notification-ingestion-service] [vice-producer-1] org.apache.kafka.clients.NetworkClient   : [Producer clientId=notification-ingestion-service-producer-1] Node 1 disconnected.
2026-03-09T01:26:03.861+05:30  WARN 36769 --- [notification-ingestion-service] [vice-producer-1] org.apache.kafka.clients.NetworkClient   : [Producer clientId=notification-ingestion-service-producer-1] Connection to node 1 (localhost/127.0.0.1:9092) could not be established. Node may not be available.
2026-03-09T01:26:04.754+05:30  INFO 36769 --- [notification-ingestion-service] [vice-producer-1] org.apache.kafka.clients.NetworkClient   : [Producer clientId=notification-ingestion-service-producer-1] Node 1 disconnected.
2026-03-09T01:26:04.754+05:30  WARN 36769 --- [notification-ingestion-service] [vice-producer-1] org.apache.kafka.clients.NetworkClient   : [Producer clientId=notification-ingestion-service-producer-1] Connection to node 1 (localhost/127.0.0.1:9092) could not be established. Node may not be available.
2026-03-09T01:26:05.666+05:30  INFO 36769 --- [notification-ingestion-service] [vice-producer-1] org.apache.kafka.clients.NetworkClient   : [Producer clientId=notification-ingestion-service-producer-1] Node 1 disconnected.
2026-03-09T01:26:05.667+05:30  WARN 36769 --- [notification-ingestion-service] [vice-producer-1] org.apache.kafka.clients.NetworkClient   : [Producer clientId=notification-ingestion-service-producer-1] Connection to node 1 (localhost/127.0.0.1:9092) could not be established. Node may not be available.
2026-03-09T01:26:06.667+05:30  INFO 36769 --- [notification-ingestion-service] [vice-producer-1] org.apache.kafka.clients.NetworkClient   : [Producer clientId=notification-ingestion-service-producer-1] Node 1 disconnected.
2026-03-09T01:26:06.674+05:30  WARN 36769 --- [notification-ingestion-service] [vice-producer-1] org.apache.kafka.clients.NetworkClient   : [Producer clientId=notification-ingestion-service-producer-1] Connection to node 1 (localhost/127.0.0.1:9092) could not be established. Node may not be available.
2026-03-09T01:26:07.668+05:30  INFO 36769 --- [notification-ingestion-service] [vice-producer-1] org.apache.kafka.clients.NetworkClient   : [Producer clientId=notification-ingestion-service-producer-1] Node 1 disconnected.
2026-03-09T01:26:07.668+05:30  WARN 36769 --- [notification-ingestion-service] [vice-producer-1] org.apache.kafka.clients.NetworkClient   : [Producer clientId=notification-ingestion-service-producer-1] Connection to node 1 (localhost/127.0.0.1:9092) could not be established. Node may not be available.
2026-03-09T01:26:08.640+05:30  INFO 36769 --- [notification-ingestion-service] [vice-producer-1] org.apache.kafka.clients.NetworkClient   : [Producer clientId=notification-ingestion-service-producer-1] Node 1 disconnected.
2026-03-09T01:26:08.640+05:30  WARN 36769 --- [notification-ingestion-service] [vice-producer-1] org.apache.kafka.clients.NetworkClient   : [Producer clientId=notification-ingestion-service-producer-1] Connection to node 1 (localhost/127.0.0.1:9092) could not be established. Node may not be available.
2026-03-09T01:26:09.514+05:30  INFO 36769 --- [notification-ingestion-service] [vice-producer-1] org.apache.kafka.clients.NetworkClient   : [Producer clientId=notification-ingestion-service-producer-1] Node 1 disconnected.
2026-03-09T01:26:09.515+05:30  WARN 36769 --- [notification-ingestion-service] [vice-producer-1] org.apache.kafka.clients.NetworkClient   : [Producer clientId=notification-ingestion-service-producer-1] Connection to node 1 (localhost/127.0.0.1:9092) could not be established. Node may not be available.
2026-03-09T01:26:10.516+05:30  INFO 36769 --- [notification-ingestion-service] [vice-producer-1] org.apache.kafka.clients.NetworkClient   : [Producer clientId=notification-ingestion-service-producer-1] Node 1 disconnected.
2026-03-09T01:26:10.519+05:30  WARN 36769 --- [notification-ingestion-service] [vice-producer-1] org.apache.kafka.clients.NetworkClient   : [Producer clientId=notification-ingestion-service-producer-1] Connection to node 1 (localhost/127.0.0.1:9092) could not be established. Node may not be available.
2026-03-09T01:26:11.344+05:30  INFO 36769 --- [notification-ingestion-service] [vice-producer-1] org.apache.kafka.clients.NetworkClient   : [Producer clientId=notification-ingestion-service-producer-1] Node 1 disconnected.
2026-03-09T01:26:11.344+05:30  WARN 36769 --- [notification-ingestion-service] [vice-producer-1] org.apache.kafka.clients.NetworkClient   : [Producer clientId=notification-ingestion-service-producer-1] Connection to node 1 (localhost/127.0.0.1:9092) could not be established. Node may not be available.
2026-03-09T01:26:12.346+05:30  INFO 36769 --- [notification-ingestion-service] [vice-producer-1] org.apache.kafka.clients.NetworkClient   : [Producer clientId=notification-ingestion-service-producer-1] Node 1 disconnected.
2026-03-09T01:26:12.346+05:30  WARN 36769 --- [notification-ingestion-service] [vice-producer-1] org.apache.kafka.clients.NetworkClient   : [Producer clientId=notification-ingestion-service-producer-1] Connection to node 1 (localhost/127.0.0.1:9092) could not be established. Node may not be available.
2026-03-09T01:26:13.347+05:30  INFO 36769 --- [notification-ingestion-service] [vice-producer-1] org.apache.kafka.clients.NetworkClient   : [Producer clientId=notification-ingestion-service-producer-1] Node 1 disconnected.
2026-03-09T01:26:13.349+05:30  WARN 36769 --- [notification-ingestion-service] [vice-producer-1] org.apache.kafka.clients.NetworkClient   : [Producer clientId=notification-ingestion-service-producer-1] Connection to node 1 (localhost/127.0.0.1:9092) could not be established. Node may not be available.
2026-03-09T01:26:14.350+05:30  INFO 36769 --- [notification-ingestion-service] [vice-producer-1] org.apache.kafka.clients.NetworkClient   : [Producer clientId=notification-ingestion-service-producer-1] Node 1 disconnected.
2026-03-09T01:26:14.350+05:30  WARN 36769 --- [notification-ingestion-service] [vice-producer-1] org.apache.kafka.clients.NetworkClient   : [Producer clientId=notification-ingestion-service-producer-1] Connection to node 1 (localhost/127.0.0.1:9092) could not be established. Node may not be available.
2026-03-09T01:26:15.353+05:30  INFO 36769 --- [notification-ingestion-service] [vice-producer-1] org.apache.kafka.clients.NetworkClient   : [Producer clientId=notification-ingestion-service-producer-1] Node 1 disconnected.
2026-03-09T01:26:15.354+05:30  WARN 36769 --- [notification-ingestion-service] [vice-producer-1] org.apache.kafka.clients.NetworkClient   : [Producer clientId=notification-ingestion-service-producer-1] Connection to node 1 (localhost/127.0.0.1:9092) could not be established. Node may not be available.
2026-03-09T01:26:16.354+05:30  INFO 36769 --- [notification-ingestion-service] [vice-producer-1] org.apache.kafka.clients.NetworkClient   : [Producer clientId=notification-ingestion-service-producer-1] Node 1 disconnected.
2026-03-09T01:26:16.354+05:30  WARN 36769 --- [notification-ingestion-service] [vice-producer-1] org.apache.kafka.clients.NetworkClient   : [Producer clientId=notification-ingestion-service-producer-1] Connection to node 1 (localhost/127.0.0.1:9092) could not be established. Node may not be available.
2026-03-09T01:26:17.320+05:30  INFO 36769 --- [notification-ingestion-service] [vice-producer-1] org.apache.kafka.clients.NetworkClient   : [Producer clientId=notification-ingestion-service-producer-1] Node 1 disconnected.
2026-03-09T01:26:17.320+05:30  WARN 36769 --- [notification-ingestion-service] [vice-producer-1] org.apache.kafka.clients.NetworkClient   : [Producer clientId=notification-ingestion-service-producer-1] Connection to node 1 (localhost/127.0.0.1:9092) could not be established. Node may not be available.
2026-03-09T01:26:18.177+05:30  INFO 36769 --- [notification-ingestion-service] [vice-producer-1] org.apache.kafka.clients.NetworkClient   : [Producer clientId=notification-ingestion-service-producer-1] Node 1 disconnected.
2026-03-09T01:26:18.177+05:30  WARN 36769 --- [notification-ingestion-service] [vice-producer-1] org.apache.kafka.clients.NetworkClient   : [Producer clientId=notification-ingestion-service-producer-1] Connection to node 1 (localhost/127.0.0.1:9092) could not be established. Node may not be available.
2026-03-09T01:26:19.050+05:30  INFO 36769 --- [notification-ingestion-service] [vice-producer-1] org.apache.kafka.clients.NetworkClient   : [Producer clientId=notification-ingestion-service-producer-1] Node 1 disconnected.
2026-03-09T01:26:19.051+05:30  WARN 36769 --- [notification-ingestion-service] [vice-producer-1] org.apache.kafka.clients.NetworkClient   : [Producer clientId=notification-ingestion-service-producer-1] Connection to node 1 (localhost/127.0.0.1:9092) could not be established. Node may not be available.
2026-03-09T01:26:20.054+05:30  INFO 36769 --- [notification-ingestion-service] [vice-producer-1] org.apache.kafka.clients.NetworkClient   : [Producer clientId=notification-ingestion-service-producer-1] Node 1 disconnected.
2026-03-09T01:26:20.054+05:30  WARN 36769 --- [notification-ingestion-service] [vice-producer-1] org.apache.kafka.clients.NetworkClient   : [Producer clientId=notification-ingestion-service-producer-1] Connection to node 1 (localhost/127.0.0.1:9092) could not be established. Node may not be available.
2026-03-09T01:26:20.992+05:30  INFO 36769 --- [notification-ingestion-service] [vice-producer-1] org.apache.kafka.clients.NetworkClient   : [Producer clientId=notification-ingestion-service-producer-1] Node 1 disconnected.
2026-03-09T01:26:20.993+05:30  WARN 36769 --- [notification-ingestion-service] [vice-producer-1] org.apache.kafka.clients.NetworkClient   : [Producer clientId=notification-ingestion-service-producer-1] Connection to node 1 (localhost/127.0.0.1:9092) could not be established. Node may not be available.
2026-03-09T01:26:21.847+05:30  INFO 36769 --- [notification-ingestion-service] [vice-producer-1] org.apache.kafka.clients.NetworkClient   : [Producer clientId=notification-ingestion-service-producer-1] Node 1 disconnected.
2026-03-09T01:26:21.847+05:30  WARN 36769 --- [notification-ingestion-service] [vice-producer-1] org.apache.kafka.clients.NetworkClient   : [Producer clientId=notification-ingestion-service-producer-1] Connection to node 1 (localhost/127.0.0.1:9092) could not be established. Node may not be available.
2026-03-09T01:26:22.848+05:30  INFO 36769 --- [notification-ingestion-service] [vice-producer-1] org.apache.kafka.clients.NetworkClient   : [Producer clientId=notification-ingestion-service-producer-1] Node 1 disconnected.
2026-03-09T01:26:22.849+05:30  WARN 36769 --- [notification-ingestion-service] [vice-producer-1] org.apache.kafka.clients.NetworkClient   : [Producer clientId=notification-ingestion-service-producer-1] Connection to node 1 (localhost/127.0.0.1:9092) could not be established. Node may not be available.
2026-03-09T01:26:23.748+05:30  INFO 36769 --- [notification-ingestion-service] [vice-producer-1] org.apache.kafka.clients.NetworkClient   : [Producer clientId=notification-ingestion-service-producer-1] Node 1 disconnected.
2026-03-09T01:26:23.752+05:30  WARN 36769 --- [notification-ingestion-service] [vice-producer-1] org.apache.kafka.clients.NetworkClient   : [Producer clientId=notification-ingestion-service-producer-1] Connection to node 1 (localhost/127.0.0.1:9092) could not be established. Node may not be available.
2026-03-09T01:26:24.749+05:30  INFO 36769 --- [notification-ingestion-service] [vice-producer-1] org.apache.kafka.clients.NetworkClient   : [Producer clientId=notification-ingestion-service-producer-1] Node 1 disconnected.
2026-03-09T01:26:24.750+05:30  WARN 36769 --- [notification-ingestion-service] [vice-producer-1] org.apache.kafka.clients.NetworkClient   : [Producer clientId=notification-ingestion-service-producer-1] Connection to node 1 (localhost/127.0.0.1:9092) could not be established. Node may not be available.
2026-03-09T01:26:25.550+05:30  INFO 36769 --- [notification-ingestion-service] [vice-producer-1] org.apache.kafka.clients.NetworkClient   : [Producer clientId=notification-ingestion-service-producer-1] Node 1 disconnected.
2026-03-09T01:26:25.550+05:30  WARN 36769 --- [notification-ingestion-service] [vice-producer-1] org.apache.kafka.clients.NetworkClient   : [Producer clientId=notification-ingestion-service-producer-1] Connection to node 1 (localhost/127.0.0.1:9092) could not be established. Node may not be available.
2026-03-09T01:26:26.550+05:30  INFO 36769 --- [notification-ingestion-service] [vice-producer-1] org.apache.kafka.clients.NetworkClient   : [Producer clientId=notification-ingestion-service-producer-1] Node 1 disconnected.
2026-03-09T01:26:26.550+05:30  WARN 36769 --- [notification-ingestion-service] [vice-producer-1] org.apache.kafka.clients.NetworkClient   : [Producer clientId=notification-ingestion-service-producer-1] Connection to node 1 (localhost/127.0.0.1:9092) could not be established. Node may not be available.
2026-03-09T01:26:27.552+05:30  INFO 36769 --- [notification-ingestion-service] [vice-producer-1] org.apache.kafka.clients.NetworkClient   : [Producer clientId=notification-ingestion-service-producer-1] Node 1 disconnected.
2026-03-09T01:26:27.552+05:30  WARN 36769 --- [notification-ingestion-service] [vice-producer-1] org.apache.kafka.clients.NetworkClient   : [Producer clientId=notification-ingestion-service-producer-1] Connection to node 1 (localhost/127.0.0.1:9092) could not be established. Node may not be available.
2026-03-09T01:26:28.552+05:30  INFO 36769 --- [notification-ingestion-service] [vice-producer-1] org.apache.kafka.clients.NetworkClient   : [Producer clientId=notification-ingestion-service-producer-1] Node 1 disconnected.
2026-03-09T01:26:28.552+05:30  WARN 36769 --- [notification-ingestion-service] [vice-producer-1] org.apache.kafka.clients.NetworkClient   : [Producer clientId=notification-ingestion-service-producer-1] Connection to node 1 (localhost/127.0.0.1:9092) could not be established. Node may not be available.
2026-03-09T01:26:29.552+05:30  INFO 36769 --- [notification-ingestion-service] [vice-producer-1] org.apache.kafka.clients.NetworkClient   : [Producer clientId=notification-ingestion-service-producer-1] Node 1 disconnected.
2026-03-09T01:26:29.553+05:30  WARN 36769 --- [notification-ingestion-service] [vice-producer-1] org.apache.kafka.clients.NetworkClient   : [Producer clientId=notification-ingestion-service-producer-1] Connection to node 1 (localhost/127.0.0.1:9092) could not be established. Node may not be available.
2026-03-09T01:26:30.470+05:30  INFO 36769 --- [notification-ingestion-service] [vice-producer-1] org.apache.kafka.clients.NetworkClient   : [Producer clientId=notification-ingestion-service-producer-1] Node 1 disconnected.
2026-03-09T01:26:30.511+05:30  WARN 36769 --- [notification-ingestion-service] [vice-producer-1] org.apache.kafka.clients.NetworkClient   : [Producer clientId=notification-ingestion-service-producer-1] Connection to node 1 (localhost/127.0.0.1:9092) could not be established. Node may not be available.
2026-03-09T01:26:31.471+05:30  INFO 36769 --- [notification-ingestion-service] [vice-producer-1] org.apache.kafka.clients.NetworkClient   : [Producer clientId=notification-ingestion-service-producer-1] Node 1 disconnected.
2026-03-09T01:26:31.471+05:30  WARN 36769 --- [notification-ingestion-service] [vice-producer-1] org.apache.kafka.clients.NetworkClient   : [Producer clientId=notification-ingestion-service-producer-1] Connection to node 1 (localhost/127.0.0.1:9092) could not be established. Node may not be available.
2026-03-09T01:26:32.472+05:30  INFO 36769 --- [notification-ingestion-service] [vice-producer-1] org.apache.kafka.clients.NetworkClient   : [Producer clientId=notification-ingestion-service-producer-1] Node 1 disconnected.
2026-03-09T01:26:32.472+05:30  WARN 36769 --- [notification-ingestion-service] [vice-producer-1] org.apache.kafka.clients.NetworkClient   : [Producer clientId=notification-ingestion-service-producer-1] Connection to node 1 (localhost/127.0.0.1:9092) could not be established. Node may not be available.
2026-03-09T01:26:33.472+05:30  INFO 36769 --- [notification-ingestion-service] [vice-producer-1] org.apache.kafka.clients.NetworkClient   : [Producer clientId=notification-ingestion-service-producer-1] Node 1 disconnected.
2026-03-09T01:26:33.472+05:30  WARN 36769 --- [notification-ingestion-service] [vice-producer-1] org.apache.kafka.clients.NetworkClient   : [Producer clientId=notification-ingestion-service-producer-1] Connection to node 1 (localhost/127.0.0.1:9092) could not be established. Node may not be available.
2026-03-09T01:26:34.454+05:30  INFO 36769 --- [notification-ingestion-service] [vice-producer-1] org.apache.kafka.clients.NetworkClient   : [Producer clientId=notification-ingestion-service-producer-1] Node 1 disconnected.
2026-03-09T01:26:34.454+05:30  WARN 36769 --- [notification-ingestion-service] [vice-producer-1] org.apache.kafka.clients.NetworkClient   : [Producer clientId=notification-ingestion-service-producer-1] Connection to node 1 (localhost/127.0.0.1:9092) could not be established. Node may not be available.
2026-03-09T01:26:35.456+05:30  INFO 36769 --- [notification-ingestion-service] [vice-producer-1] org.apache.kafka.clients.NetworkClient   : [Producer clientId=notification-ingestion-service-producer-1] Node 1 disconnected.
2026-03-09T01:26:35.457+05:30  WARN 36769 --- [notification-ingestion-service] [vice-producer-1] org.apache.kafka.clients.NetworkClient   : [Producer clientId=notification-ingestion-service-producer-1] Connection to node 1 (localhost/127.0.0.1:9092) could not be established. Node may not be available.
2026-03-09T01:26:36.385+05:30  INFO 36769 --- [notification-ingestion-service] [vice-producer-1] org.apache.kafka.clients.NetworkClient   : [Producer clientId=notification-ingestion-service-producer-1] Node 1 disconnected.
2026-03-09T01:26:36.385+05:30  WARN 36769 --- [notification-ingestion-service] [vice-producer-1] org.apache.kafka.clients.NetworkClient   : [Producer clientId=notification-ingestion-service-producer-1] Connection to node 1 (localhost/127.0.0.1:9092) could not be established. Node may not be available.
2026-03-09T01:26:37.227+05:30  INFO 36769 --- [notification-ingestion-service] [vice-producer-1] org.apache.kafka.clients.NetworkClient   : [Producer clientId=notification-ingestion-service-producer-1] Node 1 disconnected.
2026-03-09T01:26:37.227+05:30  WARN 36769 --- [notification-ingestion-service] [vice-producer-1] org.apache.kafka.clients.NetworkClient   : [Producer clientId=notification-ingestion-service-producer-1] Connection to node 1 (localhost/127.0.0.1:9092) could not be established. Node may not be available.
2026-03-09T01:26:38.123+05:30  INFO 36769 --- [notification-ingestion-service] [vice-producer-1] org.apache.kafka.clients.NetworkClient   : [Producer clientId=notification-ingestion-service-producer-1] Node 1 disconnected.
2026-03-09T01:26:38.123+05:30  WARN 36769 --- [notification-ingestion-service] [vice-producer-1] org.apache.kafka.clients.NetworkClient   : [Producer clientId=notification-ingestion-service-producer-1] Connection to node 1 (localhost/127.0.0.1:9092) could not be established. Node may not be available.
2026-03-09T01:26:39.026+05:30  INFO 36769 --- [notification-ingestion-service] [vice-producer-1] org.apache.kafka.clients.NetworkClient   : [Producer clientId=notification-ingestion-service-producer-1] Node 1 disconnected.
2026-03-09T01:26:39.026+05:30  WARN 36769 --- [notification-ingestion-service] [vice-producer-1] org.apache.kafka.clients.NetworkClient   : [Producer clientId=notification-ingestion-service-producer-1] Connection to node 1 (localhost/127.0.0.1:9092) could not be established. Node may not be available.
2026-03-09T01:26:39.835+05:30  INFO 36769 --- [notification-ingestion-service] [vice-producer-1] org.apache.kafka.clients.NetworkClient   : [Producer clientId=notification-ingestion-service-producer-1] Node 1 disconnected.
2026-03-09T01:26:39.836+05:30  WARN 36769 --- [notification-ingestion-service] [vice-producer-1] org.apache.kafka.clients.NetworkClient   : [Producer clientId=notification-ingestion-service-producer-1] Connection to node 1 (localhost/127.0.0.1:9092) could not be established. Node may not be available.
2026-03-09T01:26:40.768+05:30  INFO 36769 --- [notification-ingestion-service] [vice-producer-1] org.apache.kafka.clients.NetworkClient   : [Producer clientId=notification-ingestion-service-producer-1] Node 1 disconnected.
2026-03-09T01:26:40.768+05:30  WARN 36769 --- [notification-ingestion-service] [vice-producer-1] org.apache.kafka.clients.NetworkClient   : [Producer clientId=notification-ingestion-service-producer-1] Connection to node 1 (localhost/127.0.0.1:9092) could not be established. Node may not be available.
2026-03-09T01:26:41.770+05:30  INFO 36769 --- [notification-ingestion-service] [vice-producer-1] org.apache.kafka.clients.NetworkClient   : [Producer clientId=notification-ingestion-service-producer-1] Node 1 disconnected.
2026-03-09T01:26:41.771+05:30  WARN 36769 --- [notification-ingestion-service] [vice-producer-1] org.apache.kafka.clients.NetworkClient   : [Producer clientId=notification-ingestion-service-producer-1] Connection to node 1 (localhost/127.0.0.1:9092) could not be established. Node may not be available.
2026-03-09T01:26:42.583+05:30  INFO 36769 --- [notification-ingestion-service] [vice-producer-1] org.apache.kafka.clients.NetworkClient   : [Producer clientId=notification-ingestion-service-producer-1] Node 1 disconnected.
2026-03-09T01:26:42.583+05:30  WARN 36769 --- [notification-ingestion-service] [vice-producer-1] org.apache.kafka.clients.NetworkClient   : [Producer clientId=notification-ingestion-service-producer-1] Connection to node 1 (localhost/127.0.0.1:9092) could not be established. Node may not be available.
2026-03-09T01:26:43.512+05:30  INFO 36769 --- [notification-ingestion-service] [vice-producer-1] org.apache.kafka.clients.NetworkClient   : [Producer clientId=notification-ingestion-service-producer-1] Node 1 disconnected.
2026-03-09T01:26:43.512+05:30  WARN 36769 --- [notification-ingestion-service] [vice-producer-1] org.apache.kafka.clients.NetworkClient   : [Producer clientId=notification-ingestion-service-producer-1] Connection to node 1 (localhost/127.0.0.1:9092) could not be established. Node may not be available.
2026-03-09T01:26:44.513+05:30  INFO 36769 --- [notification-ingestion-service] [vice-producer-1] org.apache.kafka.clients.NetworkClient   : [Producer clientId=notification-ingestion-service-producer-1] Node 1 disconnected.
2026-03-09T01:26:44.513+05:30  WARN 36769 --- [notification-ingestion-service] [vice-producer-1] org.apache.kafka.clients.NetworkClient   : [Producer clientId=notification-ingestion-service-producer-1] Connection to node 1 (localhost/127.0.0.1:9092) could not be established. Node may not be available.
2026-03-09T01:26:45.425+05:30  INFO 36769 --- [notification-ingestion-service] [vice-producer-1] org.apache.kafka.clients.NetworkClient   : [Producer clientId=notification-ingestion-service-producer-1] Node 1 disconnected.
2026-03-09T01:26:45.425+05:30  WARN 36769 --- [notification-ingestion-service] [vice-producer-1] org.apache.kafka.clients.NetworkClient   : [Producer clientId=notification-ingestion-service-producer-1] Connection to node 1 (localhost/127.0.0.1:9092) could not be established. Node may not be available.
2026-03-09T01:26:46.391+05:30  INFO 36769 --- [notification-ingestion-service] [vice-producer-1] org.apache.kafka.clients.NetworkClient   : [Producer clientId=notification-ingestion-service-producer-1] Node 1 disconnected.
2026-03-09T01:26:46.391+05:30  WARN 36769 --- [notification-ingestion-service] [vice-producer-1] org.apache.kafka.clients.NetworkClient   : [Producer clientId=notification-ingestion-service-producer-1] Connection to node 1 (localhost/127.0.0.1:9092) could not be established. Node may not be available.
2026-03-09T01:26:47.369+05:30  INFO 36769 --- [notification-ingestion-service] [vice-producer-1] org.apache.kafka.clients.NetworkClient   : [Producer clientId=notification-ingestion-service-producer-1] Node 1 disconnected.
2026-03-09T01:26:47.370+05:30  WARN 36769 --- [notification-ingestion-service] [vice-producer-1] org.apache.kafka.clients.NetworkClient   : [Producer clientId=notification-ingestion-service-producer-1] Connection to node 1 (localhost/127.0.0.1:9092) could not be established. Node may not be available.
2026-03-09T01:26:48.296+05:30  INFO 36769 --- [notification-ingestion-service] [vice-producer-1] org.apache.kafka.clients.NetworkClient   : [Producer clientId=notification-ingestion-service-producer-1] Node 1 disconnected.
2026-03-09T01:26:48.296+05:30  WARN 36769 --- [notification-ingestion-service] [vice-producer-1] org.apache.kafka.clients.NetworkClient   : [Producer clientId=notification-ingestion-service-producer-1] Connection to node 1 (localhost/127.0.0.1:9092) could not be established. Node may not be available.
2026-03-09T01:26:49.126+05:30  INFO 36769 --- [notification-ingestion-service] [vice-producer-1] org.apache.kafka.clients.NetworkClient   : [Producer clientId=notification-ingestion-service-producer-1] Node 1 disconnected.
2026-03-09T01:26:49.126+05:30  WARN 36769 --- [notification-ingestion-service] [vice-producer-1] org.apache.kafka.clients.NetworkClient   : [Producer clientId=notification-ingestion-service-producer-1] Connection to node 1 (localhost/127.0.0.1:9092) could not be established. Node may not be available.
2026-03-09T01:26:50.128+05:30  INFO 36769 --- [notification-ingestion-service] [vice-producer-1] org.apache.kafka.clients.NetworkClient   : [Producer clientId=notification-ingestion-service-producer-1] Node 1 disconnected.
2026-03-09T01:26:50.128+05:30  WARN 36769 --- [notification-ingestion-service] [vice-producer-1] org.apache.kafka.clients.NetworkClient   : [Producer clientId=notification-ingestion-service-producer-1] Connection to node 1 (localhost/127.0.0.1:9092) could not be established. Node may not be available.
2026-03-09T01:26:51.034+05:30  INFO 36769 --- [notification-ingestion-service] [vice-producer-1] org.apache.kafka.clients.NetworkClient   : [Producer clientId=notification-ingestion-service-producer-1] Node 1 disconnected.
2026-03-09T01:26:51.034+05:30  WARN 36769 --- [notification-ingestion-service] [vice-producer-1] org.apache.kafka.clients.NetworkClient   : [Producer clientId=notification-ingestion-service-producer-1] Connection to node 1 (localhost/127.0.0.1:9092) could not be established. Node may not be available.
2026-03-09T01:26:51.972+05:30  INFO 36769 --- [notification-ingestion-service] [vice-producer-1] org.apache.kafka.clients.NetworkClient   : [Producer clientId=notification-ingestion-service-producer-1] Node 1 disconnected.
2026-03-09T01:26:51.972+05:30  WARN 36769 --- [notification-ingestion-service] [vice-producer-1] org.apache.kafka.clients.NetworkClient   : [Producer clientId=notification-ingestion-service-producer-1] Connection to node 1 (localhost/127.0.0.1:9092) could not be established. Node may not be available.
2026-03-09T01:26:52.973+05:30  INFO 36769 --- [notification-ingestion-service] [vice-producer-1] org.apache.kafka.clients.NetworkClient   : [Producer clientId=notification-ingestion-service-producer-1] Node 1 disconnected.
2026-03-09T01:26:52.973+05:30  WARN 36769 --- [notification-ingestion-service] [vice-producer-1] org.apache.kafka.clients.NetworkClient   : [Producer clientId=notification-ingestion-service-producer-1] Connection to node 1 (localhost/127.0.0.1:9092) could not be established. Node may not be available.
2026-03-09T01:26:53.974+05:30  INFO 36769 --- [notification-ingestion-service] [vice-producer-1] org.apache.kafka.clients.NetworkClient   : [Producer clientId=notification-ingestion-service-producer-1] Node 1 disconnected.
2026-03-09T01:26:53.974+05:30  WARN 36769 --- [notification-ingestion-service] [vice-producer-1] org.apache.kafka.clients.NetworkClient   : [Producer clientId=notification-ingestion-service-producer-1] Connection to node 1 (localhost/127.0.0.1:9092) could not be established. Node may not be available.
2026-03-09T01:26:54.974+05:30  INFO 36769 --- [notification-ingestion-service] [vice-producer-1] org.apache.kafka.clients.NetworkClient   : [Producer clientId=notification-ingestion-service-producer-1] Node 1 disconnected.
2026-03-09T01:26:54.974+05:30  WARN 36769 --- [notification-ingestion-service] [vice-producer-1] org.apache.kafka.clients.NetworkClient   : [Producer clientId=notification-ingestion-service-producer-1] Connection to node 1 (localhost/127.0.0.1:9092) could not be established. Node may not be available.
2026-03-09T01:26:55.974+05:30  INFO 36769 --- [notification-ingestion-service] [vice-producer-1] org.apache.kafka.clients.NetworkClient   : [Producer clientId=notification-ingestion-service-producer-1] Node 1 disconnected.
2026-03-09T01:26:55.974+05:30  WARN 36769 --- [notification-ingestion-service] [vice-producer-1] org.apache.kafka.clients.NetworkClient   : [Producer clientId=notification-ingestion-service-producer-1] Connection to node 1 (localhost/127.0.0.1:9092) could not be established. Node may not be available.
2026-03-09T01:26:56.975+05:30  INFO 36769 --- [notification-ingestion-service] [vice-producer-1] org.apache.kafka.clients.NetworkClient   : [Producer clientId=notification-ingestion-service-producer-1] Node 1 disconnected.
2026-03-09T01:26:56.977+05:30  WARN 36769 --- [notification-ingestion-service] [vice-producer-1] org.apache.kafka.clients.NetworkClient   : [Producer clientId=notification-ingestion-service-producer-1] Connection to node 1 (localhost/127.0.0.1:9092) could not be established. Node may not be available.
2026-03-09T01:26:57.976+05:30  INFO 36769 --- [notification-ingestion-service] [vice-producer-1] org.apache.kafka.clients.NetworkClient   : [Producer clientId=notification-ingestion-service-producer-1] Node 1 disconnected.
2026-03-09T01:26:57.979+05:30  WARN 36769 --- [notification-ingestion-service] [vice-producer-1] org.apache.kafka.clients.NetworkClient   : [Producer clientId=notification-ingestion-service-producer-1] Connection to node 1 (localhost/127.0.0.1:9092) could not be established. Node may not be available.
2026-03-09T01:26:58.888+05:30  INFO 36769 --- [notification-ingestion-service] [vice-producer-1] org.apache.kafka.clients.NetworkClient   : [Producer clientId=notification-ingestion-service-producer-1] Node 1 disconnected.
2026-03-09T01:26:58.888+05:30  WARN 36769 --- [notification-ingestion-service] [vice-producer-1] org.apache.kafka.clients.NetworkClient   : [Producer clientId=notification-ingestion-service-producer-1] Connection to node 1 (localhost/127.0.0.1:9092) could not be established. Node may not be available.
2026-03-09T01:26:59.845+05:30  INFO 36769 --- [notification-ingestion-service] [vice-producer-1] org.apache.kafka.clients.NetworkClient   : [Producer clientId=notification-ingestion-service-producer-1] Node 1 disconnected.
2026-03-09T01:26:59.847+05:30  WARN 36769 --- [notification-ingestion-service] [vice-producer-1] org.apache.kafka.clients.NetworkClient   : [Producer clientId=notification-ingestion-service-producer-1] Connection to node 1 (localhost/127.0.0.1:9092) could not be established. Node may not be available.
2026-03-09T01:27:00.848+05:30  INFO 36769 --- [notification-ingestion-service] [vice-producer-1] org.apache.kafka.clients.NetworkClient   : [Producer clientId=notification-ingestion-service-producer-1] Node 1 disconnected.
2026-03-09T01:27:00.848+05:30  WARN 36769 --- [notification-ingestion-service] [vice-producer-1] org.apache.kafka.clients.NetworkClient   : [Producer clientId=notification-ingestion-service-producer-1] Connection to node 1 (localhost/127.0.0.1:9092) could not be established. Node may not be available.
2026-03-09T01:27:01.849+05:30  INFO 36769 --- [notification-ingestion-service] [vice-producer-1] org.apache.kafka.clients.NetworkClient   : [Producer clientId=notification-ingestion-service-producer-1] Node 1 disconnected.
2026-03-09T01:27:01.849+05:30  WARN 36769 --- [notification-ingestion-service] [vice-producer-1] org.apache.kafka.clients.NetworkClient   : [Producer clientId=notification-ingestion-service-producer-1] Connection to node 1 (localhost/127.0.0.1:9092) could not be established. Node may not be available.
2026-03-09T01:27:02.736+05:30  INFO 36769 --- [notification-ingestion-service] [vice-producer-1] org.apache.kafka.clients.NetworkClient   : [Producer clientId=notification-ingestion-service-producer-1] Node 1 disconnected.
2026-03-09T01:27:02.737+05:30  WARN 36769 --- [notification-ingestion-service] [vice-producer-1] org.apache.kafka.clients.NetworkClient   : [Producer clientId=notification-ingestion-service-producer-1] Connection to node 1 (localhost/127.0.0.1:9092) could not be established. Node may not be available.
2026-03-09T01:27:03.737+05:30  INFO 36769 --- [notification-ingestion-service] [vice-producer-1] org.apache.kafka.clients.NetworkClient   : [Producer clientId=notification-ingestion-service-producer-1] Node 1 disconnected.
2026-03-09T01:27:03.737+05:30  WARN 36769 --- [notification-ingestion-service] [vice-producer-1] org.apache.kafka.clients.NetworkClient   : [Producer clientId=notification-ingestion-service-producer-1] Connection to node 1 (localhost/127.0.0.1:9092) could not be established. Node may not be available.
2026-03-09T01:27:04.721+05:30  INFO 36769 --- [notification-ingestion-service] [vice-producer-1] org.apache.kafka.clients.NetworkClient   : [Producer clientId=notification-ingestion-service-producer-1] Node 1 disconnected.
2026-03-09T01:27:04.725+05:30  WARN 36769 --- [notification-ingestion-service] [vice-producer-1] org.apache.kafka.clients.NetworkClient   : [Producer clientId=notification-ingestion-service-producer-1] Connection to node 1 (localhost/127.0.0.1:9092) could not be established. Node may not be available.
2026-03-09T01:27:05.722+05:30  INFO 36769 --- [notification-ingestion-service] [vice-producer-1] org.apache.kafka.clients.NetworkClient   : [Producer clientId=notification-ingestion-service-producer-1] Node 1 disconnected.
2026-03-09T01:27:05.725+05:30  WARN 36769 --- [notification-ingestion-service] [vice-producer-1] org.apache.kafka.clients.NetworkClient   : [Producer clientId=notification-ingestion-service-producer-1] Connection to node 1 (localhost/127.0.0.1:9092) could not be established. Node may not be available.
2026-03-09T01:27:06.722+05:30  INFO 36769 --- [notification-ingestion-service] [vice-producer-1] org.apache.kafka.clients.NetworkClient   : [Producer clientId=notification-ingestion-service-producer-1] Node 1 disconnected.
2026-03-09T01:27:06.722+05:30  WARN 36769 --- [notification-ingestion-service] [vice-producer-1] org.apache.kafka.clients.NetworkClient   : [Producer clientId=notification-ingestion-service-producer-1] Connection to node 1 (localhost/127.0.0.1:9092) could not be established. Node may not be available.
2026-03-09T01:27:07.641+05:30  INFO 36769 --- [notification-ingestion-service] [vice-producer-1] org.apache.kafka.clients.NetworkClient   : [Producer clientId=notification-ingestion-service-producer-1] Node 1 disconnected.
2026-03-09T01:27:07.641+05:30  WARN 36769 --- [notification-ingestion-service] [vice-producer-1] org.apache.kafka.clients.NetworkClient   : [Producer clientId=notification-ingestion-service-producer-1] Connection to node 1 (localhost/127.0.0.1:9092) could not be established. Node may not be available.
2026-03-09T01:27:08.641+05:30  INFO 36769 --- [notification-ingestion-service] [vice-producer-1] org.apache.kafka.clients.NetworkClient   : [Producer clientId=notification-ingestion-service-producer-1] Node 1 disconnected.
2026-03-09T01:27:08.642+05:30  WARN 36769 --- [notification-ingestion-service] [vice-producer-1] org.apache.kafka.clients.NetworkClient   : [Producer clientId=notification-ingestion-service-producer-1] Connection to node 1 (localhost/127.0.0.1:9092) could not be established. Node may not be available.
2026-03-09T01:27:09.642+05:30  INFO 36769 --- [notification-ingestion-service] [vice-producer-1] org.apache.kafka.clients.NetworkClient   : [Producer clientId=notification-ingestion-service-producer-1] Node 1 disconnected.
2026-03-09T01:27:09.642+05:30  WARN 36769 --- [notification-ingestion-service] [vice-producer-1] org.apache.kafka.clients.NetworkClient   : [Producer clientId=notification-ingestion-service-producer-1] Connection to node 1 (localhost/127.0.0.1:9092) could not be established. Node may not be available.
2026-03-09T01:27:10.581+05:30  INFO 36769 --- [notification-ingestion-service] [vice-producer-1] org.apache.kafka.clients.NetworkClient   : [Producer clientId=notification-ingestion-service-producer-1] Node 1 disconnected.
2026-03-09T01:27:10.581+05:30  WARN 36769 --- [notification-ingestion-service] [vice-producer-1] org.apache.kafka.clients.NetworkClient   : [Producer clientId=notification-ingestion-service-producer-1] Connection to node 1 (localhost/127.0.0.1:9092) could not be established. Node may not be available.
2026-03-09T01:27:11.582+05:30  INFO 36769 --- [notification-ingestion-service] [vice-producer-1] org.apache.kafka.clients.NetworkClient   : [Producer clientId=notification-ingestion-service-producer-1] Node 1 disconnected.
2026-03-09T01:27:11.582+05:30  WARN 36769 --- [notification-ingestion-service] [vice-producer-1] org.apache.kafka.clients.NetworkClient   : [Producer clientId=notification-ingestion-service-producer-1] Connection to node 1 (localhost/127.0.0.1:9092) could not be established. Node may not be available.
2026-03-09T01:27:12.397+05:30  INFO 36769 --- [notification-ingestion-service] [vice-producer-1] org.apache.kafka.clients.NetworkClient   : [Producer clientId=notification-ingestion-service-producer-1] Node 1 disconnected.
2026-03-09T01:27:12.398+05:30  WARN 36769 --- [notification-ingestion-service] [vice-producer-1] org.apache.kafka.clients.NetworkClient   : [Producer clientId=notification-ingestion-service-producer-1] Connection to node 1 (localhost/127.0.0.1:9092) could not be established. Node may not be available.
2026-03-09T01:27:13.274+05:30  INFO 36769 --- [notification-ingestion-service] [vice-producer-1] org.apache.kafka.clients.NetworkClient   : [Producer clientId=notification-ingestion-service-producer-1] Node 1 disconnected.
2026-03-09T01:27:13.275+05:30  WARN 36769 --- [notification-ingestion-service] [vice-producer-1] org.apache.kafka.clients.NetworkClient   : [Producer clientId=notification-ingestion-service-producer-1] Connection to node 1 (localhost/127.0.0.1:9092) could not be established. Node may not be available.
2026-03-09T01:27:14.275+05:30  INFO 36769 --- [notification-ingestion-service] [vice-producer-1] org.apache.kafka.clients.NetworkClient   : [Producer clientId=notification-ingestion-service-producer-1] Node 1 disconnected.
2026-03-09T01:27:14.275+05:30  WARN 36769 --- [notification-ingestion-service] [vice-producer-1] org.apache.kafka.clients.NetworkClient   : [Producer clientId=notification-ingestion-service-producer-1] Connection to node 1 (localhost/127.0.0.1:9092) could not be established. Node may not be available.
2026-03-09T01:27:15.276+05:30  INFO 36769 --- [notification-ingestion-service] [vice-producer-1] org.apache.kafka.clients.NetworkClient   : [Producer clientId=notification-ingestion-service-producer-1] Node 1 disconnected.
2026-03-09T01:27:15.276+05:30  WARN 36769 --- [notification-ingestion-service] [vice-producer-1] org.apache.kafka.clients.NetworkClient   : [Producer clientId=notification-ingestion-service-producer-1] Connection to node 1 (localhost/127.0.0.1:9092) could not be established. Node may not be available.
2026-03-09T01:27:16.277+05:30  INFO 36769 --- [notification-ingestion-service] [vice-producer-1] org.apache.kafka.clients.NetworkClient   : [Producer clientId=notification-ingestion-service-producer-1] Node 1 disconnected.
2026-03-09T01:27:16.277+05:30  WARN 36769 --- [notification-ingestion-service] [vice-producer-1] org.apache.kafka.clients.NetworkClient   : [Producer clientId=notification-ingestion-service-producer-1] Connection to node 1 (localhost/127.0.0.1:9092) could not be established. Node may not be available.
2026-03-09T01:27:17.278+05:30  INFO 36769 --- [notification-ingestion-service] [vice-producer-1] org.apache.kafka.clients.NetworkClient   : [Producer clientId=notification-ingestion-service-producer-1] Node 1 disconnected.
2026-03-09T01:27:17.278+05:30  WARN 36769 --- [notification-ingestion-service] [vice-producer-1] org.apache.kafka.clients.NetworkClient   : [Producer clientId=notification-ingestion-service-producer-1] Connection to node 1 (localhost/127.0.0.1:9092) could not be established. Node may not be available.
2026-03-09T01:27:18.104+05:30  INFO 36769 --- [notification-ingestion-service] [vice-producer-1] org.apache.kafka.clients.NetworkClient   : [Producer clientId=notification-ingestion-service-producer-1] Node 1 disconnected.
2026-03-09T01:27:18.104+05:30  WARN 36769 --- [notification-ingestion-service] [vice-producer-1] org.apache.kafka.clients.NetworkClient   : [Producer clientId=notification-ingestion-service-producer-1] Connection to node 1 (localhost/127.0.0.1:9092) could not be established. Node may not be available.
